This is XeTeX, Version 3.141592653-2.6-0.999995 (TeX Live 2023) (preloaded format=xelatex 2024.1.28)  12 SEP 2024 18:06
entering extended mode
 restricted \write18 enabled.
 file:line:error style messages enabled.
 %&-line parsing enabled.
**d:/Documents/Projects/yuwen/code/中学现代文阅读课文
(d:/Documents/Projects/yuwen/code/中学现代文阅读课文.tex
LaTeX2e <2023-11-01> patch level 1
L3 programming layer <2024-01-22>
(c:/texlive/2023/texmf-dist/tex/latex/ctex/ctexbook.cls (c:/texlive/2023/texmf-dist/tex/latex/ctex/config/ctexbackend.cfg
File: ctexbackend.cfg 2022/07/14 v2.5.10 Backend configuration file (CTEX)
) (c:/texlive/2023/texmf-dist/tex/latex/l3kernel/expl3.sty
Package: expl3 2024-01-22 L3 programming layer (loader) 
 (c:/texlive/2023/texmf-dist/tex/latex/l3backend/l3backend-xetex.def
File: l3backend-xetex.def 2024-01-04 L3 backend support: XeTeX
\g__graphics_track_int=\count183
\l__pdf_internal_box=\box51
\g__pdf_backend_object_int=\count184
\g__pdf_backend_annotation_int=\count185
\g__pdf_backend_link_int=\count186
))
Document Class: ctexbook 2022/07/14 v2.5.10 Chinese adapter for class book (CTEX)
(c:/texlive/2023/texmf-dist/tex/latex/ctex/ctexhook.sty
Package: ctexhook 2022/07/14 v2.5.10 Document and package hooks (CTEX)
) (c:/texlive/2023/texmf-dist/tex/latex/ctex/ctexpatch.sty
Package: ctexpatch 2022/07/14 v2.5.10 Patching commands (CTEX)
) (c:/texlive/2023/texmf-dist/tex/latex/base/fix-cm.sty
Package: fix-cm 2020/11/24 v1.1t fixes to LaTeX
 (c:/texlive/2023/texmf-dist/tex/latex/base/ts1enc.def
File: ts1enc.def 2001/06/05 v3.0e (jk/car/fm) Standard LaTeX file
LaTeX Font Info:    Redeclaring font encoding TS1 on input line 47.
))
\l__ctex_tmp_int=\count187
\l__ctex_tmp_box=\box52
\l__ctex_tmp_dim=\dimen140
\g__ctex_section_depth_int=\count188
\g__ctex_font_size_int=\count189
 (c:/texlive/2023/texmf-dist/tex/latex/ctex/config/ctexopts.cfg
File: ctexopts.cfg 2022/07/14 v2.5.10 Option configuration file (CTEX)
) (c:/texlive/2023/texmf-dist/tex/latex/base/book.cls
Document Class: book 2023/05/17 v1.4n Standard LaTeX document class
(c:/texlive/2023/texmf-dist/tex/latex/base/bk12.clo
File: bk12.clo 2023/05/17 v1.4n Standard LaTeX file (size option)
)
\c@part=\count190
\c@chapter=\count191
\c@section=\count192
\c@subsection=\count193
\c@subsubsection=\count194
\c@paragraph=\count195
\c@subparagraph=\count196
\c@figure=\count197
\c@table=\count198
\abovecaptionskip=\skip48
\belowcaptionskip=\skip49
\bibindent=\dimen141
) (c:/texlive/2023/texmf-dist/tex/latex/ctex/engine/ctex-engine-xetex.def
File: ctex-engine-xetex.def 2022/07/14 v2.5.10 XeLaTeX adapter (CTEX)
 (c:/texlive/2023/texmf-dist/tex/xelatex/xecjk/xeCJK.sty
Package: xeCJK 2022/08/05 v3.9.1 Typesetting CJK scripts with XeLaTeX
 (c:/texlive/2023/texmf-dist/tex/latex/l3packages/xtemplate/xtemplate.sty
Package: xtemplate 2023-10-10 L3 Experimental prototype document functions
\l__xtemplate_tmp_dim=\dimen142
\l__xtemplate_tmp_int=\count199
\l__xtemplate_tmp_muskip=\muskip16
\l__xtemplate_tmp_skip=\skip50
)
\l__xeCJK_tmp_int=\count266
\l__xeCJK_tmp_box=\box53
\l__xeCJK_tmp_dim=\dimen143
\l__xeCJK_tmp_skip=\skip51
\g__xeCJK_space_factor_int=\count267
\l__xeCJK_begin_int=\count268
\l__xeCJK_end_int=\count269
\c__xeCJK_CJK_class_int=\XeTeXcharclass1
\c__xeCJK_FullLeft_class_int=\XeTeXcharclass2
\c__xeCJK_FullRight_class_int=\XeTeXcharclass3
\c__xeCJK_HalfLeft_class_int=\XeTeXcharclass4
\c__xeCJK_HalfRight_class_int=\XeTeXcharclass5
\c__xeCJK_NormalSpace_class_int=\XeTeXcharclass6
\c__xeCJK_CM_class_int=\XeTeXcharclass7
\c__xeCJK_HangulJamo_class_int=\XeTeXcharclass8
\l__xeCJK_last_skip=\skip52
\c__xeCJK_none_node=\count270
\g__xeCJK_node_int=\count271
\c__xeCJK_CJK_node_dim=\dimen144
\c__xeCJK_CJK-space_node_dim=\dimen145
\c__xeCJK_default_node_dim=\dimen146
\c__xeCJK_CJK-widow_node_dim=\dimen147
\c__xeCJK_normalspace_node_dim=\dimen148
\c__xeCJK_default-space_node_skip=\skip53
\l__xeCJK_ccglue_skip=\skip54
\l__xeCJK_ecglue_skip=\skip55
\l__xeCJK_punct_kern_skip=\skip56
\l__xeCJK_indent_box=\box54
\l__xeCJK_last_penalty_int=\count272
\l__xeCJK_last_bound_dim=\dimen149
\l__xeCJK_last_kern_dim=\dimen150
\l__xeCJK_widow_penalty_int=\count273

Package xtemplate Info: Declaring object type 'xeCJK/punctuation' taking 0
(xtemplate)             argument(s) on line 2396.

\l__xeCJK_fixed_punct_width_dim=\dimen151
\l__xeCJK_mixed_punct_width_dim=\dimen152
\l__xeCJK_middle_punct_width_dim=\dimen153
\l__xeCJK_fixed_margin_width_dim=\dimen154
\l__xeCJK_mixed_margin_width_dim=\dimen155
\l__xeCJK_middle_margin_width_dim=\dimen156
\l__xeCJK_bound_punct_width_dim=\dimen157
\l__xeCJK_bound_margin_width_dim=\dimen158
\l__xeCJK_margin_minimum_dim=\dimen159
\l__xeCJK_kerning_total_width_dim=\dimen160
\l__xeCJK_same_align_margin_dim=\dimen161
\l__xeCJK_different_align_margin_dim=\dimen162
\l__xeCJK_kerning_margin_width_dim=\dimen163
\l__xeCJK_kerning_margin_minimum_dim=\dimen164
\l__xeCJK_bound_dim=\dimen165
\l__xeCJK_reverse_bound_dim=\dimen166
\l__xeCJK_margin_dim=\dimen167
\l__xeCJK_minimum_bound_dim=\dimen168
\l__xeCJK_kerning_margin_dim=\dimen169
\g__xeCJK_family_int=\count274
\l__xeCJK_fam_int=\count275
\g__xeCJK_fam_allocation_int=\count276
\l__xeCJK_verb_case_int=\count277
\l__xeCJK_verb_exspace_skip=\skip57
 (c:/texlive/2023/texmf-dist/tex/latex/fontspec/fontspec.sty (c:/texlive/2023/texmf-dist/tex/latex/l3packages/xparse/xparse.sty
Package: xparse 2023-10-10 L3 Experimental document command parser
)
Package: fontspec 2022/01/15 v2.8a Font selection for XeLaTeX and LuaLaTeX
 (c:/texlive/2023/texmf-dist/tex/latex/fontspec/fontspec-xetex.sty
Package: fontspec-xetex 2022/01/15 v2.8a Font selection for XeLaTeX and LuaLaTeX
\l__fontspec_script_int=\count278
\l__fontspec_language_int=\count279
\l__fontspec_strnum_int=\count280
\l__fontspec_tmp_int=\count281
\l__fontspec_tmpa_int=\count282
\l__fontspec_tmpb_int=\count283
\l__fontspec_tmpc_int=\count284
\l__fontspec_em_int=\count285
\l__fontspec_emdef_int=\count286
\l__fontspec_strong_int=\count287
\l__fontspec_strongdef_int=\count288
\l__fontspec_tmpa_dim=\dimen170
\l__fontspec_tmpb_dim=\dimen171
\l__fontspec_tmpc_dim=\dimen172
 (c:/texlive/2023/texmf-dist/tex/latex/base/fontenc.sty
Package: fontenc 2021/04/29 v2.0v Standard LaTeX package
) (c:/texlive/2023/texmf-dist/tex/latex/fontspec/fontspec.cfg))) (c:/texlive/2023/texmf-dist/tex/xelatex/xecjk/xeCJK.cfg
File: xeCJK.cfg 2022/08/05 v3.9.1 Configuration file for xeCJK package
))
\ccwd=\dimen173
\l__ctex_ccglue_skip=\skip58
)
\l__ctex_ziju_dim=\dimen174
 (c:/texlive/2023/texmf-dist/tex/latex/zhnumber/zhnumber.sty
Package: zhnumber 2022/07/14 v3.0 Typesetting numbers with Chinese glyphs
\l__zhnum_scale_int=\count289
\l__zhnum_tmp_int=\count290
 (c:/texlive/2023/texmf-dist/tex/latex/zhnumber/zhnumber-utf8.cfg
File: zhnumber-utf8.cfg 2022/07/14 v3.0 Chinese numerals with UTF8 encoding
))
\l__ctex_heading_skip=\skip59
 (c:/texlive/2023/texmf-dist/tex/latex/ctex/scheme/ctex-scheme-chinese-book.def
File: ctex-scheme-chinese-book.def 2022/07/14 v2.5.10 Chinese scheme for book (CTEX)
 (c:/texlive/2023/texmf-dist/tex/latex/ctex/config/ctex-name-utf8.cfg
File: ctex-name-utf8.cfg 2022/07/14 v2.5.10 Caption with encoding UTF-8 (CTEX)
)) (c:/texlive/2023/texmf-dist/tex/latex/ctex/fontset/ctex-fontset-windows.def
File: ctex-fontset-windows.def 2022/07/14 v2.5.10 Windows fonts definition (CTEX)

Package fontspec Info: Could not resolve font "KaiTi/B" (it probably doesn't
(fontspec)             exist).


Package fontspec Info: Could not resolve font "SimHei/I" (it probably doesn't
(fontspec)             exist).


Package fontspec Info: Could not resolve font "SimSun/BI" (it probably doesn't
(fontspec)             exist).


Package fontspec Info: Font family 'SimSun(0)' created for font 'SimSun' with
(fontspec)             options
(fontspec)             [Script={CJK},BoldFont={SimHei},ItalicFont={KaiTi}].
(fontspec)              
(fontspec)              This font family consists of the following NFSS
(fontspec)             series/shapes:
(fontspec)              
(fontspec)             - 'normal' (m/n) with NFSS spec.:
(fontspec)             <->"SimSun/OT:script=hani;language=dflt;"
(fontspec)             - 'small caps'  (m/sc) with NFSS spec.: 
(fontspec)             - 'bold' (b/n) with NFSS spec.:
(fontspec)             <->"SimHei/OT:script=hani;language=dflt;"
(fontspec)             - 'bold small caps'  (b/sc) with NFSS spec.: 
(fontspec)             - 'italic' (m/it) with NFSS spec.:
(fontspec)             <->"KaiTi/OT:script=hani;language=dflt;"
(fontspec)             - 'italic small caps'  (m/scit) with NFSS spec.: 

)) (c:/texlive/2023/texmf-dist/tex/latex/ctex/config/ctex.cfg
File: ctex.cfg 2022/07/14 v2.5.10 Configuration file (CTEX)
)

Package ctexhook Warning: Package `ctex' can not be loaded with `ctexbook'.

LaTeX Info: Package 'ctex.sty' has been disabled.
            Load request ignored on input line 3.
(c:/texlive/2023/texmf-dist/tex/latex/titlesec/titlesec.sty
Package: titlesec 2023/10/27 v2.16 Sectioning titles
\ttl@box=\box55
\beforetitleunit=\skip60
\aftertitleunit=\skip61
\ttl@plus=\dimen175
\ttl@minus=\dimen176
\ttl@toksa=\toks17
\titlewidth=\dimen177
\titlewidthlast=\dimen178
\titlewidthfirst=\dimen179
) (c:/texlive/2023/texmf-dist/tex/latex/verse/verse.sty
Package: verse 2009/09/04 v2.4a verse typesetting
\c@vslineno=\count291
\c@poemline=\count292
\c@fvsline=\count293
\c@modulo@vs=\count294
\c@verse@envctr=\count295
\versewidth=\skip62
\vgap=\skip63
\vindent=\skip64
\stanzaskip=\skip65
\vleftskip=\skip66
\vrightskip=\skip67
\c@chrsinstr=\count296
\beforepoemtitleskip=\skip68
\afterpoemtitleskip=\skip69
) (c:/texlive/2023/texmf-dist/tex/xelatex/xunicode/xunicode.sty
File: xunicode.sty 2011/09/09 v0.981 provides access to latin accents and many other characters in Unicode lower plane
 (c:/texlive/2023/texmf-dist/tex/latex/tipa/t3enc.def
File: t3enc.def 2001/12/31 T3 encoding

Package fontspec Info: Could not resolve font "Microsoft YaHei Bold/I" (it
(fontspec)             probably doesn't exist).


Package fontspec Info: Could not resolve font "Microsoft YaHei/I" (it probably
(fontspec)             doesn't exist).


Package fontspec Info: Font family 'MicrosoftYaHei(0)' created for font
(fontspec)             'Microsoft YaHei' with options
(fontspec)             [Script={CJK},BoldFont={* Bold}].
(fontspec)              
(fontspec)              This font family consists of the following NFSS
(fontspec)             series/shapes:
(fontspec)              
(fontspec)             - 'normal' (m/n) with NFSS spec.: <->"Microsoft
(fontspec)             YaHei/OT:script=hani;language=dflt;"
(fontspec)             - 'small caps'  (m/sc) with NFSS spec.: 
(fontspec)             - 'bold' (b/n) with NFSS spec.: <->"Microsoft YaHei
(fontspec)             Bold/OT:script=hani;language=dflt;"
(fontspec)             - 'bold small caps'  (b/sc) with NFSS spec.: 
(fontspec)             - 'bold italic' (b/it) with NFSS spec.: <->"Microsoft
(fontspec)             YaHei/BI/OT:script=hani;language=dflt;"
(fontspec)             - 'bold italic small caps'  (b/scit) with NFSS spec.: 

)
\tipaTiiicode=\count297
\tipasavetokens=\toks18
\tipachecktokens=\toks19
 (c:/texlive/2023/texmf-dist/tex/latex/graphics/graphicx.sty
Package: graphicx 2021/09/16 v1.2d Enhanced LaTeX Graphics (DPC,SPQR)
 (c:/texlive/2023/texmf-dist/tex/latex/graphics/keyval.sty
Package: keyval 2022/05/29 v1.15 key=value parser (DPC)
\KV@toks@=\toks20
) (c:/texlive/2023/texmf-dist/tex/latex/graphics/graphics.sty
Package: graphics 2022/03/10 v1.4e Standard LaTeX Graphics (DPC,SPQR)
 (c:/texlive/2023/texmf-dist/tex/latex/graphics/trig.sty
Package: trig 2021/08/11 v1.11 sin cos tan (DPC)
) (c:/texlive/2023/texmf-dist/tex/latex/graphics-cfg/graphics.cfg
File: graphics.cfg 2016/06/04 v1.11 sample graphics configuration
)
Package graphics Info: Driver file: xetex.def on input line 107.
 (c:/texlive/2023/texmf-dist/tex/latex/graphics-def/xetex.def
File: xetex.def 2022/09/22 v5.0n Graphics/color driver for xetex
))
\Gin@req@height=\dimen180
\Gin@req@width=\dimen181
)) (c:/texlive/2023/texmf-dist/tex/xelatex/xltxtra/xltxtra.sty
Package: xltxtra 2018/12/31 v0.7 Improvements for the "XeLaTeX" format
 (c:/texlive/2023/texmf-dist/tex/generic/iftex/ifluatex.sty
Package: ifluatex 2019/10/25 v1.5 ifluatex legacy package. Use iftex instead.
 (c:/texlive/2023/texmf-dist/tex/generic/iftex/iftex.sty
Package: iftex 2022/02/03 v1.0f TeX engine tests
)) (c:/texlive/2023/texmf-dist/tex/generic/iftex/ifxetex.sty
Package: ifxetex 2019/10/25 v0.7 ifxetex legacy package. Use iftex instead.
) (c:/texlive/2023/texmf-dist/tex/latex/realscripts/realscripts.sty
Package: realscripts 2016/02/13 v0.3d Access OpenType subscripts and superscripts
\subsupersep=\dimen182
) (c:/texlive/2023/texmf-dist/tex/latex/metalogo/metalogo.sty
Package: metalogo 2010/05/29 v0.12 Extended TeX logo macros
\xl@everylogo=\toks21
\xl@@everylogo=\toks22
LaTeX Info: Redefining \TeX on input line 193.
LaTeX Info: Redefining \LaTeX on input line 202.
LaTeX Info: Redefining \LaTeXe on input line 219.
)
\l__xetex_show_hyphens_wrapping_box=\box56
\l__xetex_show_hyphens_temp_box=\box57
\l__xetex_show_hyphens_final_box=\box58
\g__xetex_show_hyphens_word_box=\box59
) (c:/texlive/2023/texmf-dist/tex/latex/xpinyin/xpinyin.sty
Package: xpinyin 2022/07/14 v3.1 Automatically add pinyin to Chinese characters
\l__xpinyin_tmpa_box=\box60
\l__xpinyin_tmpb_box=\box61
\l__xpinyin_CJKglue_dim=\dimen183
 (c:/texlive/2023/texmf-dist/tex/latex/xpinyin/xpinyin-database.def
File: xpinyin-database.def 2022/07/14 v3.1 xpinyin database
)) (c:/texlive/2023/texmf-dist/tex/latex/geometry/geometry.sty
Package: geometry 2020/01/02 v5.9 Page Geometry
 (c:/texlive/2023/texmf-dist/tex/generic/iftex/ifvtex.sty
Package: ifvtex 2019/10/25 v1.7 ifvtex legacy package. Use iftex instead.
)
\Gm@cnth=\count298
\Gm@cntv=\count299
\c@Gm@tempcnt=\count300
\Gm@bindingoffset=\dimen184
\Gm@wd@mp=\dimen185
\Gm@odd@mp=\dimen186
\Gm@even@mp=\dimen187
\Gm@layoutwidth=\dimen188
\Gm@layoutheight=\dimen189
\Gm@layouthoffset=\dimen190
\Gm@layoutvoffset=\dimen191
\Gm@dimlist=\toks23
) (c:/texlive/2023/texmf-dist/tex/latex/tools/indentfirst.sty
Package: indentfirst 2023/07/02 v1.03 Indent first paragraph (DPC)
) (c:/texlive/2023/texmf-dist/tex/latex/psnfss/pifont.sty
Package: pifont 2020/03/25 PSNFSS-v9.3 Pi font support (SPQR) 
LaTeX Font Info:    Trying to load font information for U+pzd on input line 63.
 (c:/texlive/2023/texmf-dist/tex/latex/psnfss/upzd.fd
File: upzd.fd 2001/06/04 font definitions for U/pzd.
)
LaTeX Font Info:    Trying to load font information for U+psy on input line 64.
 (c:/texlive/2023/texmf-dist/tex/latex/psnfss/upsy.fd
File: upsy.fd 2001/06/04 font definitions for U/psy.
)) (c:/texlive/2023/texmf-dist/tex/latex/enumitem/enumitem.sty
Package: enumitem 2019/06/20 v3.9 Customized lists
\labelindent=\skip70
\enit@outerparindent=\dimen192
\enit@toks=\toks24
\enit@inbox=\box62
\enit@count@id=\count301
\enitdp@description=\count302
) (c:/texlive/2023/texmf-dist/tex/latex/footmisc/footmisc.sty
Package: footmisc 2023/07/05 v6.0f a miscellany of footnote facilities
\FN@temptoken=\toks25
\footnotemargin=\dimen193
\@outputbox@depth=\dimen194
 (c:/texlive/2023/texmf-dist/tex/latex/bigfoot/perpage.sty
Package: perpage 2014/10/25 2.0 Reset/sort counters per page
\c@abspage=\count303
)
\c@pp@a@footnote=\count304
Package footmisc Info: Declaring symbol style bringhurst on input line 696.
Package footmisc Info: Declaring symbol style chicago on input line 704.
Package footmisc Info: Declaring symbol style wiley on input line 713.
Package footmisc Info: Declaring symbol style lamport-robust on input line 724.
Package footmisc Info: Declaring symbol style lamport* on input line 744.
Package footmisc Info: Declaring symbol style lamport*-robust on input line 765.
) (c:/texlive/2023/texmf-dist/tex/latex/xcolor/xcolor.sty
Package: xcolor 2023/11/15 v3.01 LaTeX color extensions (UK)
 (c:/texlive/2023/texmf-dist/tex/latex/graphics-cfg/color.cfg
File: color.cfg 2016/01/02 v1.6 sample color configuration
)
Package xcolor Info: Driver file: xetex.def on input line 274.
 (c:/texlive/2023/texmf-dist/tex/latex/graphics/mathcolor.ltx)
Package xcolor Info: Model `cmy' substituted by `cmy0' on input line 1350.
Package xcolor Info: Model `RGB' extended on input line 1366.
Package xcolor Info: Model `HTML' substituted by `rgb' on input line 1368.
Package xcolor Info: Model `Hsb' substituted by `hsb' on input line 1369.
Package xcolor Info: Model `tHsb' substituted by `hsb' on input line 1370.
Package xcolor Info: Model `HSB' substituted by `hsb' on input line 1371.
Package xcolor Info: Model `Gray' substituted by `gray' on input line 1372.
Package xcolor Info: Model `wave' substituted by `hsb' on input line 1373.
) (c:/texlive/2023/texmf-dist/tex/latex/colortbl/colortbl.sty
Package: colortbl 2022/06/20 v1.0f Color table columns (DPC)
 (c:/texlive/2023/texmf-dist/tex/latex/tools/array.sty
Package: array 2023/10/16 v2.5g Tabular extension package (FMi)
\col@sep=\dimen195
\ar@mcellbox=\box63
\extrarowheight=\dimen196
\NC@list=\toks26
\extratabsurround=\skip71
\backup@length=\skip72
\ar@cellbox=\box64
)
\everycr=\toks27
\minrowclearance=\skip73
\rownum=\count305
) (c:/texlive/2023/texmf-dist/tex/latex/graphics/dvipsnam.def
File: dvipsnam.def 2016/06/17 v3.0m Driver-dependent file (DPC,SPQR)
)

Package fontspec Info: Font family 'Arial(0)' created for font 'Arial' with
(fontspec)             options [Ligatures=TeX].
(fontspec)              
(fontspec)              This font family consists of the following NFSS
(fontspec)             series/shapes:
(fontspec)              
(fontspec)             - 'normal' (m/n) with NFSS spec.:
(fontspec)             <->"Arial/OT:script=latn;language=dflt;mapping=tex-text;"
(fontspec)             - 'small caps'  (m/sc) with NFSS spec.:
(fontspec)             <->"Arial/OT:script=latn;language=dflt;+smcp;mapping=tex-text;"
(fontspec)             - 'bold' (b/n) with NFSS spec.:
(fontspec)             <->"Arial/B/OT:script=latn;language=dflt;mapping=tex-text;"
(fontspec)             - 'bold small caps'  (b/sc) with NFSS spec.:
(fontspec)             <->"Arial/B/OT:script=latn;language=dflt;+smcp;mapping=tex-text;"
(fontspec)             - 'italic' (m/it) with NFSS spec.:
(fontspec)             <->"Arial/I/OT:script=latn;language=dflt;mapping=tex-text;"
(fontspec)             - 'italic small caps'  (m/scit) with NFSS spec.:
(fontspec)             <->"Arial/I/OT:script=latn;language=dflt;+smcp;mapping=tex-text;"
(fontspec)             - 'bold italic' (b/it) with NFSS spec.:
(fontspec)             <->"Arial/BI/OT:script=latn;language=dflt;mapping=tex-text;"
(fontspec)             - 'bold italic small caps'  (b/scit) with NFSS spec.:
(fontspec)             <->"Arial/BI/OT:script=latn;language=dflt;+smcp;mapping=tex-text;"



Package xeCJK Warning: Redefining CJKfamily `\CJKrmdefault' (SimSun(0)).


Package fontspec Warning: Font "汉字之美仿宋GBK 免费" does not contain requested
(fontspec)                Script "CJK".


Package fontspec Info: Could not resolve font "STZhongsong/I" (it probably
(fontspec)             doesn't exist).


Package fontspec Info: Could not resolve font "汉字之美仿宋GBK 免费/BI" (it probably
(fontspec)             doesn't exist).


Package fontspec Info: Could not resolve font "汉字之美仿宋GBK 免费/I" (it probably
(fontspec)             doesn't exist).


Package fontspec Info: Font family '汉字之美仿宋GBK免费(0)' created for font
(fontspec)             '汉字之美仿宋GBK 免费' with options
(fontspec)             [Script={CJK},BoldFont={STZhongsong}].
(fontspec)              
(fontspec)              This font family consists of the following NFSS
(fontspec)             series/shapes:
(fontspec)              
(fontspec)             - 'normal' (m/n) with NFSS spec.: <->"汉字之美仿宋GBK
(fontspec)             免费/OT:language=dflt;"
(fontspec)             - 'small caps'  (m/sc) with NFSS spec.: 
(fontspec)             - 'bold' (b/n) with NFSS spec.:
(fontspec)             <->"STZhongsong/OT:language=dflt;"
(fontspec)             - 'bold small caps'  (b/sc) with NFSS spec.: 

Package footmisc Info: Declaring symbol style circled on input line 21.
(c:/texlive/2023/texmf-dist/tex/xelatex/xecjk/xunicode-addon.sty
Package: xunicode-addon 2022/08/05 v3.9.1 addon file for xunicode
\l__xunadd_tmp_coffin=\box65
\l__xunadd_circle_coffin=\box66
\l_xunadd_slot_int=\count306
) (c:/texlive/2023/texmf-dist/tex/xelatex/xunicode/xunicode.sty
File: xunicode.sty 2011/09/09 v0.981 provides access to latin accents and many other characters in Unicode lower plane

*** Reloading Xunicode for encoding 'TU' ***
) (c:/texlive/2023/texmf-dist/tex/xelatex/xecjk/xunicode-extra.def
File: xunicode-extra.def 2022/08/05 v3.9.1 extra definition for xunicode
)

LaTeX Warning: Unused global option(s):
    [UTF-8].

(../语文/中学现代文阅读课文.aux)
\openout1 = `中学现代文阅读课文.aux'.

LaTeX Font Info:    Checking defaults for OML/cmm/m/it on input line 50.
LaTeX Font Info:    ... okay on input line 50.
LaTeX Font Info:    Checking defaults for OMS/cmsy/m/n on input line 50.
LaTeX Font Info:    ... okay on input line 50.
LaTeX Font Info:    Checking defaults for OT1/cmr/m/n on input line 50.
LaTeX Font Info:    ... okay on input line 50.
LaTeX Font Info:    Checking defaults for T1/cmr/m/n on input line 50.
LaTeX Font Info:    ... okay on input line 50.
LaTeX Font Info:    Checking defaults for TS1/cmr/m/n on input line 50.
LaTeX Font Info:    ... okay on input line 50.
LaTeX Font Info:    Checking defaults for TU/lmr/m/n on input line 50.
LaTeX Font Info:    ... okay on input line 50.
LaTeX Font Info:    Checking defaults for OMX/cmex/m/n on input line 50.
LaTeX Font Info:    ... okay on input line 50.
LaTeX Font Info:    Checking defaults for U/cmr/m/n on input line 50.
LaTeX Font Info:    ... okay on input line 50.
LaTeX Font Info:    Checking defaults for T3/cmr/m/n on input line 50.
LaTeX Font Info:    Trying to load font information for T3+cmr on input line 50.
 (c:/texlive/2023/texmf-dist/tex/latex/tipa/t3cmr.fd
File: t3cmr.fd 2001/12/31 TIPA font definitions
)
LaTeX Font Info:    ... okay on input line 50.

Package fontspec Info: Adjusting the maths setup (use [no-math] to avoid
(fontspec)             this).

\symlegacymaths=\mathgroup4
LaTeX Font Info:    Overwriting symbol font `legacymaths' in version `bold'
(Font)                  OT1/cmr/m/n --> OT1/cmr/bx/n on input line 50.
LaTeX Font Info:    Redeclaring math accent \acute on input line 50.
LaTeX Font Info:    Redeclaring math accent \grave on input line 50.
LaTeX Font Info:    Redeclaring math accent \ddot on input line 50.
LaTeX Font Info:    Redeclaring math accent \tilde on input line 50.
LaTeX Font Info:    Redeclaring math accent \bar on input line 50.
LaTeX Font Info:    Redeclaring math accent \breve on input line 50.
LaTeX Font Info:    Redeclaring math accent \check on input line 50.
LaTeX Font Info:    Redeclaring math accent \hat on input line 50.
LaTeX Font Info:    Redeclaring math accent \dot on input line 50.
LaTeX Font Info:    Redeclaring math accent \mathring on input line 50.
LaTeX Font Info:    Redeclaring math symbol \colon on input line 50.
LaTeX Font Info:    Redeclaring math symbol \Gamma on input line 50.
LaTeX Font Info:    Redeclaring math symbol \Delta on input line 50.
LaTeX Font Info:    Redeclaring math symbol \Theta on input line 50.
LaTeX Font Info:    Redeclaring math symbol \Lambda on input line 50.
LaTeX Font Info:    Redeclaring math symbol \Xi on input line 50.
LaTeX Font Info:    Redeclaring math symbol \Pi on input line 50.
LaTeX Font Info:    Redeclaring math symbol \Sigma on input line 50.
LaTeX Font Info:    Redeclaring math symbol \Upsilon on input line 50.
LaTeX Font Info:    Redeclaring math symbol \Phi on input line 50.
LaTeX Font Info:    Redeclaring math symbol \Psi on input line 50.
LaTeX Font Info:    Redeclaring math symbol \Omega on input line 50.
LaTeX Font Info:    Redeclaring math symbol \mathdollar on input line 50.
LaTeX Font Info:    Redeclaring symbol font `operators' on input line 50.
LaTeX Font Info:    Encoding `OT1' has changed to `TU' for symbol font
(Font)              `operators' in the math version `normal' on input line 50.
LaTeX Font Info:    Overwriting symbol font `operators' in version `normal'
(Font)                  OT1/cmr/m/n --> TU/Arial(0)/m/n on input line 50.
LaTeX Font Info:    Encoding `OT1' has changed to `TU' for symbol font
(Font)              `operators' in the math version `bold' on input line 50.
LaTeX Font Info:    Overwriting symbol font `operators' in version `bold'
(Font)                  OT1/cmr/bx/n --> TU/Arial(0)/m/n on input line 50.
LaTeX Font Info:    Overwriting symbol font `operators' in version `normal'
(Font)                  TU/Arial(0)/m/n --> TU/Arial(0)/m/n on input line 50.
LaTeX Font Info:    Overwriting math alphabet `\mathit' in version `normal'
(Font)                  OT1/cmr/m/it --> TU/Arial(0)/m/it on input line 50.
LaTeX Font Info:    Overwriting math alphabet `\mathbf' in version `normal'
(Font)                  OT1/cmr/bx/n --> TU/Arial(0)/b/n on input line 50.
LaTeX Font Info:    Overwriting math alphabet `\mathsf' in version `normal'
(Font)                  OT1/cmss/m/n --> TU/lmss/m/n on input line 50.
LaTeX Font Info:    Overwriting math alphabet `\mathtt' in version `normal'
(Font)                  OT1/cmtt/m/n --> TU/lmtt/m/n on input line 50.
LaTeX Font Info:    Overwriting symbol font `operators' in version `bold'
(Font)                  TU/Arial(0)/m/n --> TU/Arial(0)/b/n on input line 50.
LaTeX Font Info:    Overwriting math alphabet `\mathit' in version `bold'
(Font)                  OT1/cmr/bx/it --> TU/Arial(0)/b/it on input line 50.
LaTeX Font Info:    Overwriting math alphabet `\mathsf' in version `bold'
(Font)                  OT1/cmss/bx/n --> TU/lmss/b/n on input line 50.
LaTeX Font Info:    Overwriting math alphabet `\mathtt' in version `bold'
(Font)                  OT1/cmtt/m/n --> TU/lmtt/b/n on input line 50.

*geometry* driver: auto-detecting
*geometry* detected driver: xetex
*geometry* verbose mode - [ preamble ] result:
* driver: xetex
* paper: a5paper
* layout: <same size as paper>
* layoutoffset:(h,v)=(0.0pt,0.0pt)
* modes: twoside 
* h-part:(L,W,R)=(39.83368pt, 341.43343pt, 39.83368pt)
* v-part:(T,H,B)=(65.44142pt, 466.62503pt, 65.44142pt)
* \paperwidth=421.10078pt
* \paperheight=597.50787pt
* \textwidth=341.43343pt
* \textheight=466.62503pt
* \oddsidemargin=-32.43631pt
* \evensidemargin=-32.43631pt
* \topmargin=-38.70236pt
* \headheight=12.0pt
* \headsep=19.8738pt
* \topskip=12.0pt
* \footskip=30.0pt
* \marginparwidth=98.0pt
* \marginparsep=7.0pt
* \columnsep=10.0pt
* \skip\footins=10.8pt plus 4.0pt minus 2.0pt
* \hoffset=0.0pt
* \voffset=0.0pt
* \mag=1000
* \@twocolumnfalse
* \@twosidetrue
* \@mparswitchtrue
* \@reversemarginfalse
* (1in=72.27pt=25.4mm, 1cm=28.453pt)

LaTeX Font Info:    External font `cmex10' loaded for size
(Font)              <14.4> on input line 51.
LaTeX Font Info:    External font `cmex10' loaded for size
(Font)              <7> on input line 51.
[1


] (../语文/中学现代文阅读课文.toc [2

]
LaTeX Font Info:    Font shape `TU/Arial(0)/m/sl' in size <12> not available
(Font)              Font shape `TU/Arial(0)/m/it' tried instead on input line 22.


LaTeX Font Warning: Font shape `TU/汉字之美仿宋GBK免费(0)/m/sl' undefined
(Font)              using `TU/汉字之美仿宋GBK免费(0)/m/n' instead on input line 22.

[3]
LaTeX Font Info:    External font `cmex10' loaded for size
(Font)              <12> on input line 27.
LaTeX Font Info:    External font `cmex10' loaded for size
(Font)              <8> on input line 27.
LaTeX Font Info:    External font `cmex10' loaded for size
(Font)              <6> on input line 27.

Underfull \vbox (badness 4291) has occurred while \output is active []

 [4] [5] [6] [7] [8] [9] [10] [11])
\tf@toc=\write3
\openout3 = `中学现代文阅读课文.toc'.

 [12]
第一章

Underfull \vbox (badness 10000) has occurred while \output is active []

 [13

] [14] [15]
第二章
LaTeX Font Info:    Calculating math sizes for size <8.5> on input line 90.
LaTeX Font Info:    External font `cmex10' loaded for size
(Font)              <8.5> on input line 90.
LaTeX Font Info:    External font `cmex10' loaded for size
(Font)              <5.94997> on input line 90.
LaTeX Font Info:    External font `cmex10' loaded for size
(Font)              <4.25> on input line 90.
[16

] [17] [18] [19]
第三章

Underfull \vbox (badness 10000) has occurred while \output is active []

 [20

] [21] [22]
第四章

Underfull \vbox (badness 3568) has occurred while \output is active []

 [23

] [24]
Underfull \vbox (badness 10000) has occurred while \output is active []

 [25]
Underfull \vbox (badness 10000) has occurred while \output is active []

 [26] [27]
Underfull \vbox (badness 10000) has occurred while \output is active []

 [28]
Underfull \vbox (badness 4805) has occurred while \output is active []

 [29]
Underfull \vbox (badness 7221) has occurred while \output is active []

 [30]
Underfull \vbox (badness 10000) has occurred while \output is active []

 [31] [32] [33]
第五章

Underfull \vbox (badness 10000) has occurred while \output is active []

 [34

]
Underfull \vbox (badness 3128) has occurred while \output is active []

 [35]
Underfull \vbox (badness 10000) has occurred while \output is active []

 [36]

Package fontspec Info: Could not resolve font "FangSong/BI" (it probably
(fontspec)             doesn't exist).


Package fontspec Info: Could not resolve font "FangSong/B" (it probably
(fontspec)             doesn't exist).


Package fontspec Info: Could not resolve font "FangSong/I" (it probably
(fontspec)             doesn't exist).


Package fontspec Info: Font family 'FangSong(0)' created for font 'FangSong'
(fontspec)             with options [Script={CJK}].
(fontspec)              
(fontspec)              This font family consists of the following NFSS
(fontspec)             series/shapes:
(fontspec)              
(fontspec)             - 'normal' (m/n) with NFSS spec.:
(fontspec)             <->"FangSong/OT:script=hani;language=dflt;"
(fontspec)             - 'small caps'  (m/sc) with NFSS spec.: 


Underfull \vbox (badness 10000) has occurred while \output is active []

 [37]
Underfull \vbox (badness 2393) has occurred while \output is active []

 [38]
Underfull \vbox (badness 10000) has occurred while \output is active []

 [39] [40] [41]
第六章
[42

]
Underfull \vbox (badness 10000) has occurred while \output is active []

 [43]
Underfull \vbox (badness 10000) has occurred while \output is active []

 [44]
Underfull \vbox (badness 2035) has occurred while \output is active []

 [45] [46] [47]
第七章

Underfull \vbox (badness 10000) has occurred while \output is active []

 [48

] [49] [50]
第八章

Underfull \vbox (badness 10000) has occurred while \output is active []

 [51

] [52] [53]
第九章
[54

] [55] [56]
第十章

Underfull \vbox (badness 10000) has occurred while \output is active []

 [57

] [58]
Underfull \vbox (badness 10000) has occurred while \output is active []

 [59]
Underfull \vbox (badness 10000) has occurred while \output is active []

 [60] [61] [62]
第十一章
[63

]
Underfull \vbox (badness 5607) has occurred while \output is active []

 [64] [65] [66] [67] [68]
Underfull \vbox (badness 10000) has occurred while \output is active []

 [69] [70] [71]
第十二章

Underfull \vbox (badness 1418) has occurred while \output is active []

 [72

] [73] [74]
第十三章

Underfull \vbox (badness 10000) has occurred while \output is active []

 [75

] [76] [77] [78]
第十四章

Underfull \vbox (badness 7613) has occurred while \output is active []

 [79

]
Underfull \vbox (badness 10000) has occurred while \output is active []

 [80]
Underfull \vbox (badness 10000) has occurred while \output is active []

 [81]
Underfull \vbox (badness 10000) has occurred while \output is active []

 [82]
Underfull \vbox (badness 10000) has occurred while \output is active []

 [83] [84] [85]
第十五章
[86

] [87] [88]
第十六章
[89

] [90]
第十七章

Underfull \vbox (badness 10000) has occurred while \output is active []

 [91

] [92] [93]
第十八章

Underfull \vbox (badness 2529) has occurred while \output is active []

 [94

] [95]
Underfull \vbox (badness 2293) has occurred while \output is active []

 [96] [97] [98]
第十九章
[99

]
Underfull \vbox (badness 5504) has occurred while \output is active []

 [100] [101]
Underfull \vbox (badness 10000) has occurred while \output is active []

 [102] [103] [104]
Underfull \vbox (badness 3536) has occurred while \output is active []

 [105] [106]
Underfull \vbox (badness 10000) has occurred while \output is active []

 [107] [108] [109]
第二十章

Underfull \vbox (badness 10000) has occurred while \output is active []

 [110

] [111]
Underfull \vbox (badness 10000) has occurred while \output is active []

 [112] [113] [114]
第二十一章

Underfull \vbox (badness 10000) has occurred while \output is active []

 [115

] [116] [117]
第二十二章

Underfull \vbox (badness 10000) has occurred while \output is active []

 [118

]
Underfull \vbox (badness 2351) has occurred while \output is active []

 [119]
Underfull \vbox (badness 2351) has occurred while \output is active []

 [120] [121] [122]
第二十三章
[123

] [124]
第二十四章
[125

] [126]
Underfull \vbox (badness 1635) has occurred while \output is active []

 [127] [128] [129]
第二十五章

Underfull \vbox (badness 2556) has occurred while \output is active []

 [130

]
Underfull \vbox (badness 10000) has occurred while \output is active []

 [131]
Underfull \vbox (badness 10000) has occurred while \output is active []

 [132] [133] [134]
第二十六章

Underfull \vbox (badness 10000) has occurred while \output is active []

 [135

] [136] [137] [138]
第二十七章

Underfull \vbox (badness 10000) has occurred while \output is active []

 [139

]
Underfull \vbox (badness 10000) has occurred while \output is active []

 [140]
Underfull \vbox (badness 10000) has occurred while \output is active []

 [141] [142]
第二十八章

Underfull \vbox (badness 10000) has occurred while \output is active []

 [143

]
Underfull \vbox (badness 4205) has occurred while \output is active []

 [144] [145] [146]
第二十九章
[147

]
Underfull \vbox (badness 10000) has occurred while \output is active []

 [148]
Underfull \vbox (badness 10000) has occurred while \output is active []

 [149] [150] [151]
第三十章

Underfull \vbox (badness 10000) has occurred while \output is active []

 [152

]
Underfull \vbox (badness 10000) has occurred while \output is active []

 [153] [154] [155]
第三十一章

Underfull \vbox (badness 7759) has occurred while \output is active []

 [156

] [157]
Underfull \vbox (badness 10000) has occurred while \output is active []

 [158] [159] [160]
第三十二章

Underfull \vbox (badness 2529) has occurred while \output is active []

 [161

]
Underfull \vbox (badness 5592) has occurred while \output is active []

 [162] [163] [164] [165]
第三十三章
[166

]
Underfull \vbox (badness 10000) has occurred while \output is active []

 [167]
Underfull \vbox (badness 2368) has occurred while \output is active []

 [168]
Underfull \vbox (badness 1502) has occurred while \output is active []

 [169] [170] [171]
第三十四章
[172

]
Underfull \vbox (badness 10000) has occurred while \output is active []

 [173]
Underfull \vbox (badness 10000) has occurred while \output is active []

 [174] [175] [176]
第三十五章

Underfull \vbox (badness 5954) has occurred while \output is active []

 [177

]
Underfull \vbox (badness 2495) has occurred while \output is active []

 [178] [179] [180] [181]
第三十六章
[182

] [183] [184] [185]
第三十七章
[186

]
Underfull \vbox (badness 10000) has occurred while \output is active []

 [187]
Underfull \vbox (badness 10000) has occurred while \output is active []

 [188]
Underfull \vbox (badness 7291) has occurred while \output is active []

 [189]
Underfull \vbox (badness 10000) has occurred while \output is active []

 [190]
Underfull \vbox (badness 10000) has occurred while \output is active []

 [191]
Underfull \vbox (badness 1881) has occurred while \output is active []

 [192]
Underfull \vbox (badness 10000) has occurred while \output is active []

 [193]
Underfull \vbox (badness 10000) has occurred while \output is active []

 [194] [195]
Underfull \vbox (badness 10000) has occurred while \output is active []

 [196] [197] [198]
第三十八章

Underfull \vbox (badness 10000) has occurred while \output is active []

 [199

]
Underfull \vbox (badness 10000) has occurred while \output is active []

 [200] [201] [202]
第三十九章
[203

]
Underfull \vbox (badness 10000) has occurred while \output is active []

 [204]
Underfull \vbox (badness 10000) has occurred while \output is active []

 [205]
Underfull \vbox (badness 10000) has occurred while \output is active []

 [206] [207] [208]
第四十章
[209

] [210]
Underfull \vbox (badness 10000) has occurred while \output is active []

 [211]
Underfull \vbox (badness 2310) has occurred while \output is active []

 [212] [213] [214] [215]
第四十一章

Underfull \vbox (badness 10000) has occurred while \output is active []

 [216

] [217] [218] [219] [220]
第四十二章

Underfull \vbox (badness 5008) has occurred while \output is active []

 [221

]
Underfull \vbox (badness 10000) has occurred while \output is active []

 [222]
Underfull \vbox (badness 10000) has occurred while \output is active []

 [223]
Underfull \vbox (badness 10000) has occurred while \output is active []

 [224] [225] [226]
第四十三章
[227

]
Underfull \vbox (badness 2368) has occurred while \output is active []

 [228] [229] [230] [231] [232] [233]
第四十四章

Underfull \vbox (badness 4303) has occurred while \output is active []

 [234

] [235] [236] [237]
第四十五章

Underfull \vbox (badness 10000) has occurred while \output is active []

 [238

] [239] [240] [241]
第四十六章

Underfull \vbox (badness 7649) has occurred while \output is active []

 [242

]
Underfull \vbox (badness 10000) has occurred while \output is active []

 [243] [244] [245] [246]
第四十七章

Underfull \vbox (badness 2875) has occurred while \output is active []

 [247

] [248] [249]
第四十八章

Underfull \vbox (badness 10000) has occurred while \output is active []

 [250

]
Underfull \vbox (badness 1253) has occurred while \output is active []

 [251]
Underfull \vbox (badness 10000) has occurred while \output is active []

 [252] [253] [254]
第四十九章
[255

] [256] [257] [258]
第五十章
[259

]
Underfull \vbox (badness 2351) has occurred while \output is active []

 [260]
Underfull \vbox (badness 2020) has occurred while \output is active []

 [261]
Underfull \vbox (badness 10000) has occurred while \output is active []

 [262]
Underfull \vbox (badness 10000) has occurred while \output is active []

 [263] [264] [265] [266] [267]
第五十一章
[268

] [269] [270] [271]
Underfull \vbox (badness 5592) has occurred while \output is active []

 [272] [273] [274]
第五十二章

Underfull \vbox (badness 10000) has occurred while \output is active []

 [275

] [276] [277] [278]
第五十三章
[279

] [280] [281] [282]
第五十四章
[283

] [284] [285]
第五十五章
[286

]
Underfull \vbox (badness 10000) has occurred while \output is active []

 [287]
Underfull \vbox (badness 4765) has occurred while \output is active []

 [288] [289] [290] [291]
第五十六章

Underfull \vbox (badness 10000) has occurred while \output is active []

 [292

]
Underfull \vbox (badness 10000) has occurred while \output is active []

 [293]
Underfull \vbox (badness 10000) has occurred while \output is active []

 [294]
Underfull \vbox (badness 10000) has occurred while \output is active []

 [295]
Underfull \vbox (badness 10000) has occurred while \output is active []

 [296] [297] [298]
第五十七章

Underfull \vbox (badness 10000) has occurred while \output is active []

 [299

]
Underfull \vbox (badness 2951) has occurred while \output is active []

 [300]
Underfull \vbox (badness 3557) has occurred while \output is active []

 [301]
Underfull \vbox (badness 10000) has occurred while \output is active []

 [302]
Underfull \vbox (badness 10000) has occurred while \output is active []

 [303]
Underfull \vbox (badness 10000) has occurred while \output is active []

 [304]
Underfull \vbox (badness 10000) has occurred while \output is active []

 [305] [306] [307]
第五十八章

Underfull \vbox (badness 4981) has occurred while \output is active []

 [308

] [309]
Underfull \vbox (badness 5064) has occurred while \output is active []

 [310] [311]
Underfull \vbox (badness 3989) has occurred while \output is active []

 [312]
Underfull \vbox (badness 10000) has occurred while \output is active []

 [313]
Underfull \vbox (badness 7558) has occurred while \output is active []

 [314] [315] [316]
第五十九章

Underfull \vbox (badness 2573) has occurred while \output is active []

 [317

] [318]
Underfull \vbox (badness 10000) has occurred while \output is active []

 [319] [320] [321] [322] [323]
第六十章
[324

] [325]
Underfull \vbox (badness 3148) has occurred while \output is active []

 [326] [327] [328] [329] [330] [331]
第六十一章
[332

]
Underfull \vbox (badness 3343) has occurred while \output is active []

 [333] [334] [335] [336]
第六十二章

Underfull \vbox (badness 10000) has occurred while \output is active []

 [337

]
Underfull \vbox (badness 5637) has occurred while \output is active []

 [338] [339] [340] [341]
第六十三章
[342

] [343] [344] [345] [346] [347] [348] [349] [350] [351]
第六十四章

Underfull \vbox (badness 10000) has occurred while \output is active []

 [352

]
Underfull \vbox (badness 4765) has occurred while \output is active []

 [353]
Underfull \vbox (badness 10000) has occurred while \output is active []

 [354]
Underfull \vbox (badness 10000) has occurred while \output is active []

 [355] [356] [357]
Underfull \vbox (badness 10000) has occurred while \output is active []

 [358]
Underfull \vbox (badness 10000) has occurred while \output is active []

 [359]
Underfull \vbox (badness 4303) has occurred while \output is active []

 [360]
Underfull \vbox (badness 10000) has occurred while \output is active []

 [361] [362] [363]
第六十五章

Underfull \vbox (badness 10000) has occurred while \output is active []

 [364

]
Underfull \vbox (badness 10000) has occurred while \output is active []

 [365] [366]
Underfull \vbox (badness 6510) has occurred while \output is active []

 [367]
Underfull \vbox (badness 2913) has occurred while \output is active []

 [368]
Underfull \vbox (badness 5036) has occurred while \output is active []

 [369] [370] [371]
第六十六章
[372

] [373]
Underfull \vbox (badness 1867) has occurred while \output is active []

 [374]
Underfull \vbox (badness 6063) has occurred while \output is active []

 [375] [376] [377]
第六十七章
[378

]
Underfull \vbox (badness 10000) has occurred while \output is active []

 [379] [380]
Underfull \vbox (badness 10000) has occurred while \output is active []

 [381] [382] [383]
第六十八章
[384

] [385] [386] [387] [388] [389] [390] [391] [392] [393] [394] [395] [396] [397] [398] [399] [400] [401] [402]
第六十九章

Underfull \vbox (badness 10000) has occurred while \output is active []

 [403

] [404]
第七十章
[405

] [406] [407] [408]
第七十一章

Underfull \vbox (badness 4967) has occurred while \output is active []

 [409

]
Underfull \vbox (badness 10000) has occurred while \output is active []

 [410]
Underfull \vbox (badness 10000) has occurred while \output is active []

 [411]
Underfull \vbox (badness 2913) has occurred while \output is active []

 [412]
Underfull \vbox (badness 10000) has occurred while \output is active []

 [413]
Underfull \vbox (badness 10000) has occurred while \output is active []

 [414]
Underfull \vbox (badness 6461) has occurred while \output is active []

 [415]
Underfull \vbox (badness 10000) has occurred while \output is active []

 [416]
Underfull \vbox (badness 3536) has occurred while \output is active []

 [417]
Underfull \vbox (badness 10000) has occurred while \output is active []

 [418]
Underfull \vbox (badness 10000) has occurred while \output is active []

 [419] [420] [421]
第七十二章

Underfull \vbox (badness 5878) has occurred while \output is active []

 [422

] [423]
Underfull \vbox (badness 5622) has occurred while \output is active []

 [424] [425]
Underfull \vbox (badness 2865) has occurred while \output is active []

 [426]
Underfull \vbox (badness 10000) has occurred while \output is active []

 [427]
Underfull \vbox (badness 5563) has occurred while \output is active []

 [428]
Underfull \vbox (badness 2913) has occurred while \output is active []

 [429]
Underfull \vbox (badness 2512) has occurred while \output is active []

 [430] [431] [432] [433]
第七十三章
[434

] [435]
第七十四章
[436

]
第七十五章

Underfull \vbox (badness 3514) has occurred while \output is active []

 [437

] [438] [439]
Underfull \vbox (badness 7186) has occurred while \output is active []

 [440]
Underfull \vbox (badness 10000) has occurred while \output is active []

 [441]
Underfull \vbox (badness 10000) has occurred while \output is active []

 [442]
Underfull \vbox (badness 2351) has occurred while \output is active []

 [443]
Underfull \vbox (badness 10000) has occurred while \output is active []

 [444] [445] [446]
第七十六章

Underfull \vbox (badness 5077) has occurred while \output is active []

 [447

]
Underfull \vbox (badness 10000) has occurred while \output is active []

 [448] [449] [450]
第七十七章

Underfull \vbox (badness 2556) has occurred while \output is active []

 [451

] [452]
Underfull \vbox (badness 10000) has occurred while \output is active []

 [453] [454]
Underfull \vbox (badness 10000) has occurred while \output is active []

 [455] [456] [457]
第七十八章

Underfull \vbox (badness 10000) has occurred while \output is active []

 [458

]
Underfull \vbox (badness 1824) has occurred while \output is active []

 [459]
Underfull \vbox (badness 10000) has occurred while \output is active []

 [460]
Underfull \vbox (badness 1817) has occurred while \output is active []

 [461] [462]
Underfull \vbox (badness 10000) has occurred while \output is active []

 [463] [464] [465]
第七十九章

Underfull \vbox (badness 10000) has occurred while \output is active []

 [466

]
Underfull \vbox (badness 2351) has occurred while \output is active []

 [467] [468] [469]
第八十章

Underfull \vbox (badness 10000) has occurred while \output is active []

 [470

] [471] [472] [473]
第八十一章

Underfull \vbox (badness 4108) has occurred while \output is active []

 [474

] [475] [476] [477]
第八十二章
[478

] [479] [480]
第八十三章
[481

] [482] [483]
第八十四章

Underfull \vbox (badness 10000) has occurred while \output is active []

 [484

]
Underfull \vbox (badness 10000) has occurred while \output is active []

 [485] [486] [487] [488]
第八十五章
[489

]
Underfull \vbox (badness 10000) has occurred while \output is active []

 [490] [491] [492]
第八十六章

Underfull \hbox (badness 10000) in paragraph at lines 5843--5844

 []


Underfull \hbox (badness 10000) in paragraph at lines 5851--5852

 []

[493

]
Underfull \vbox (badness 10000) has occurred while \output is active []

 [494] [495]
第八十七章

Underfull \vbox (badness 10000) has occurred while \output is active []

 [496

] [497]
Underfull \vbox (badness 10000) has occurred while \output is active []

 [498] [499] [500]
第八十八章

Underfull \vbox (badness 10000) has occurred while \output is active []

 [501

] [502] [503] [504]
第八十九章
[505

]
第九十章
[506

]
第九十一章
[507

]
第九十二章
[508

]
第九十三章

Underfull \vbox (badness 4156) has occurred while \output is active []

 [509

]
Underfull \vbox (badness 4621) has occurred while \output is active []

 [510] [511] [512]
第九十四章
[513

] [514] [515]
Underfull \vbox (badness 3746) has occurred while \output is active []

 [516] [517] [518] [519]
第九十五章

Underfull \vbox (badness 10000) has occurred while \output is active []

 [520

]
Underfull \vbox (badness 4168) has occurred while \output is active []

 [521] [522] [523] [524] [525]
第九十六章

Underfull \vbox (badness 10000) has occurred while \output is active []

 [526

]
Underfull \vbox (badness 8189) has occurred while \output is active []

 [527] [528] [529] [530]
第九十七章

Underfull \vbox (badness 5954) has occurred while \output is active []

 [531

]
Underfull \vbox (badness 10000) has occurred while \output is active []

 [532]
Underfull \vbox (badness 6063) has occurred while \output is active []

 [533] [534]
Underfull \vbox (badness 10000) has occurred while \output is active []

 [535]
Underfull \vbox (badness 10000) has occurred while \output is active []

 [536]
Underfull \vbox (badness 1881) has occurred while \output is active []

 [537]
Underfull \vbox (badness 10000) has occurred while \output is active []

 [538]
Underfull \vbox (badness 10000) has occurred while \output is active []

 [539]
Underfull \vbox (badness 10000) has occurred while \output is active []

 [540] [541] [542]
第九十八章

Underfull \vbox (badness 1281) has occurred while \output is active []

 [543

]
Underfull \vbox (badness 10000) has occurred while \output is active []

 [544]
Underfull \vbox (badness 10000) has occurred while \output is active []

 [545]
Underfull \vbox (badness 6461) has occurred while \output is active []

 [546]
Underfull \vbox (badness 5592) has occurred while \output is active []

 [547]
Underfull \vbox (badness 10000) has occurred while \output is active []

 [548]
Underfull \vbox (badness 10000) has occurred while \output is active []

 [549]
Underfull \vbox (badness 10000) has occurred while \output is active []

 [550]
Underfull \vbox (badness 6268) has occurred while \output is active []

 [551]
Underfull \vbox (badness 10000) has occurred while \output is active []

 [552]
Underfull \vbox (badness 5022) has occurred while \output is active []

 [553] [554]
Underfull \vbox (badness 10000) has occurred while \output is active []

 [555]
Underfull \vbox (badness 1635) has occurred while \output is active []

 [556]
Underfull \vbox (badness 10000) has occurred while \output is active []

 [557] [558]
Underfull \vbox (badness 10000) has occurred while \output is active []

 [559]
Underfull \vbox (badness 6477) has occurred while \output is active []

 [560]
Underfull \vbox (badness 3536) has occurred while \output is active []

 [561] [562] [563]
第九十九章
[564

]
Underfull \vbox (badness 10000) has occurred while \output is active []

 [565]
Underfull \vbox (badness 1867) has occurred while \output is active []

 [566] [567]
Underfull \vbox (badness 2828) has occurred while \output is active []

 [568]
Underfull \vbox (badness 10000) has occurred while \output is active []

 [569] [570] [571] [572]
第一百章

Underfull \vbox (badness 3547) has occurred while \output is active []

 [573

]
Underfull \vbox (badness 10000) has occurred while \output is active []

 [574]
Underfull \vbox (badness 10000) has occurred while \output is active []

 [575]
Underfull \vbox (badness 8189) has occurred while \output is active []

 [576]
Underfull \vbox (badness 10000) has occurred while \output is active []

 [577]
Underfull \vbox (badness 10000) has occurred while \output is active []

 [578]
Underfull \vbox (badness 10000) has occurred while \output is active []

 [579] [580] [581]
Underfull \vbox (badness 10000) has occurred while \output is active []

 [582]
Underfull \vbox (badness 10000) has occurred while \output is active []

 [583]
Underfull \vbox (badness 10000) has occurred while \output is active []

 [584]
Underfull \vbox (badness 10000) has occurred while \output is active []

 [585]
Underfull \vbox (badness 10000) has occurred while \output is active []

 [586]
Underfull \vbox (badness 10000) has occurred while \output is active []

 [587]
Underfull \vbox (badness 10000) has occurred while \output is active []

 [588] [589] [590]
第一百零一章
[591

]
Underfull \vbox (badness 2828) has occurred while \output is active []

 [592]
Underfull \vbox (badness 3965) has occurred while \output is active []

 [593]
Underfull \vbox (badness 10000) has occurred while \output is active []

 [594] [595]
Underfull \vbox (badness 10000) has occurred while \output is active []

 [596]
Underfull \vbox (badness 10000) has occurred while \output is active []

 [597]
Underfull \vbox (badness 4621) has occurred while \output is active []

 [598]
Underfull \vbox (badness 3965) has occurred while \output is active []

 [599]
Underfull \vbox (badness 2913) has occurred while \output is active []

 [600] [601]
Underfull \vbox (badness 5563) has occurred while \output is active []

 [602]
Underfull \vbox (badness 7963) has occurred while \output is active []

 [603] [604] [605] [606] [607] [608]
第一百零二章
[609

] [610] [611] [612] [613] [614] [615]
第一百零三章
[616

]
Underfull \vbox (badness 10000) has occurred while \output is active []

 [617] [618] [619] [620] [621]
Underfull \vbox (badness 10000) has occurred while \output is active []

 [622]
Underfull \vbox (badness 2334) has occurred while \output is active []

 [623] [624] [625] [626] [627] [628] [629] [630]
第一百零四章
[631

] [632] [633]
Underfull \vbox (badness 10000) has occurred while \output is active []

 [634] [635]
Underfull \vbox (badness 10000) has occurred while \output is active []

 [636]
Underfull \vbox (badness 10000) has occurred while \output is active []

 [637] [638] [639] [640] [641]
第一百零五章

Underfull \vbox (badness 2020) has occurred while \output is active []

 [642

] [643]
Underfull \vbox (badness 3930) has occurred while \output is active []

 [644] [645] [646]
第一百零六章

Underfull \vbox (badness 1062) has occurred while \output is active []

 [647

] [648] [649] [650] [651] [652]
第一百零七章

Underfull \vbox (badness 4181) has occurred while \output is active []

 [653

]
Underfull \vbox (badness 2310) has occurred while \output is active []

 [654]
Underfull \vbox (badness 10000) has occurred while \output is active []

 [655]
Underfull \vbox (badness 8189) has occurred while \output is active []

 [656]
Underfull \vbox (badness 10000) has occurred while \output is active []

 [657] [658] [659]
第一百零八章
[660

]
第一百零九章

Underfull \vbox (badness 10000) has occurred while \output is active []

 [661

] [662]
第一百一十章
[663

]
第一百一十一章
[664

] [665] [666] [667] [668] [669] [670] [671] [672] [673] [674] [675] [676] [677] [678] [679] [680] [681] [682] [683] [684]
第一百一十二章
[685

] [686]
Underfull \vbox (badness 10000) has occurred while \output is active []

 [687]
Underfull \vbox (badness 10000) has occurred while \output is active []

 [688]
Underfull \vbox (badness 10000) has occurred while \output is active []

 [689]
Underfull \vbox (badness 10000) has occurred while \output is active []

 [690]
Underfull \vbox (badness 10000) has occurred while \output is active []

 [691]
Underfull \vbox (badness 10000) has occurred while \output is active []

 [692] [693] [694]
第一百一十三章

Underfull \vbox (badness 10000) has occurred while \output is active []

 [695

]
Underfull \vbox (badness 10000) has occurred while \output is active []

 [696]
Underfull \vbox (badness 10000) has occurred while \output is active []

 [697] [698] [699]
Underfull \vbox (badness 10000) has occurred while \output is active []

 [700]
Underfull \vbox (badness 10000) has occurred while \output is active []

 [701]
Underfull \vbox (badness 10000) has occurred while \output is active []

 [702] [703]
Underfull \vbox (badness 10000) has occurred while \output is active []

 [704]
Underfull \vbox (badness 2951) has occurred while \output is active []

 [705]
Underfull \vbox (badness 2941) has occurred while \output is active []

 [706]
Underfull \vbox (badness 10000) has occurred while \output is active []

 [707]
Underfull \vbox (badness 10000) has occurred while \output is active []

 [708] [709]
第一百一十四章
[710

] [711] [712] [713]
第一百一十五章
[714

]
Underfull \vbox (badness 10000) has occurred while \output is active []

 [715] [716]
Underfull \vbox (badness 10000) has occurred while \output is active []

 [717]
Underfull \vbox (badness 4205) has occurred while \output is active []

 [718]
Underfull \vbox (badness 1253) has occurred while \output is active []

 [719] [720] [721]
第一百一十六章
[722

]
Underfull \vbox (badness 10000) has occurred while \output is active []

 [723]
Underfull \vbox (badness 10000) has occurred while \output is active []

 [724] [725] [726]
Underfull \vbox (badness 10000) has occurred while \output is active []

 [727]
Underfull \vbox (badness 1253) has occurred while \output is active []

 [728] [729] [730] [731] [732] [733]
第一百一十七章
[734

]
Overfull \hbox (0.72258pt too wide) in paragraph at lines 8838--8839
[]\TU/汉字之美仿宋GBK免费(0)/m/n/12 这 是 杨 树 浦 福 临 路 东 洋[][]纱 厂 的 工 房。|  一 条 水 门 汀[][]的 弄 堂[][]路，|
 []


Underfull \vbox (badness 7558) has occurred while \output is active []

 [735]
Underfull \vbox (badness 5533) has occurred while \output is active []

 [736]
Underfull \vbox (badness 10000) has occurred while \output is active []

 [737] [738]
Underfull \vbox (badness 10000) has occurred while \output is active []

 [739]
Underfull \vbox (badness 10000) has occurred while \output is active []

 [740]
Underfull \vbox (badness 4713) has occurred while \output is active []

 [741]
Underfull \vbox (badness 1609) has occurred while \output is active []

 [742]
Underfull \vbox (badness 3884) has occurred while \output is active []

 [743] [744] [745] [746]
Underfull \vbox (badness 10000) has occurred while \output is active []

 [747] [748] [749]
第一百一十八章

Underfull \vbox (badness 10000) has occurred while \output is active []

 [750

]
Underfull \vbox (badness 10000) has occurred while \output is active []

 [751]
Underfull \vbox (badness 10000) has occurred while \output is active []

 [752]
Underfull \vbox (badness 10000) has occurred while \output is active []

 [753]
Underfull \vbox (badness 10000) has occurred while \output is active []

 [754]
Underfull \vbox (badness 10000) has occurred while \output is active []

 [755]
Underfull \vbox (badness 10000) has occurred while \output is active []

 [756]
Underfull \vbox (badness 10000) has occurred while \output is active []

 [757]
Underfull \vbox (badness 10000) has occurred while \output is active []

 [758] [759]
第一百一十九章

Underfull \vbox (badness 4084) has occurred while \output is active []

 [760

]
Underfull \vbox (badness 10000) has occurred while \output is active []

 [761] [762] [763]
Underfull \vbox (badness 1817) has occurred while \output is active []

 [764] [765]
Underfull \vbox (badness 1466) has occurred while \output is active []

 [766] [767] [768] [769] [770]
第一百二十章
[771

]
Underfull \vbox (badness 10000) has occurred while \output is active []

 [772]
Underfull \vbox (badness 10000) has occurred while \output is active []

 [773]
Underfull \vbox (badness 2951) has occurred while \output is active []

 [774] [775] [776]
Underfull \vbox (badness 10000) has occurred while \output is active []

 [777]
Underfull \vbox (badness 10000) has occurred while \output is active []

 [778] [779] [780]
Underfull \vbox (badness 10000) has occurred while \output is active []

 [781] [782] [783]
第一百二十一章
[784

] [785]
Underfull \vbox (badness 2837) has occurred while \output is active []

 [786]
Underfull \vbox (badness 3250) has occurred while \output is active []

 [787]
Underfull \vbox (badness 4713) has occurred while \output is active []

 [788]
Underfull \vbox (badness 2334) has occurred while \output is active []

 [789] [790] [791]
第一百二十二章
[792

] [793] [794]
第一百二十三章

Underfull \vbox (badness 2435) has occurred while \output is active []

 [795

]
Underfull \vbox (badness 10000) has occurred while \output is active []

 [796]
Underfull \vbox (badness 10000) has occurred while \output is active []

 [797]
Underfull \vbox (badness 10000) has occurred while \output is active []

 [798]
Underfull \vbox (badness 3482) has occurred while \output is active []

 [799]
Underfull \vbox (badness 10000) has occurred while \output is active []

 [800]
Underfull \vbox (badness 3557) has occurred while \output is active []

 [801] [802] [803]
第一百二十四章
[804

] [805] [806]
Underfull \vbox (badness 10000) has occurred while \output is active []

 [807]
Underfull \vbox (badness 10000) has occurred while \output is active []

 [808]
Underfull \vbox (badness 4621) has occurred while \output is active []

 [809]
Underfull \vbox (badness 2894) has occurred while \output is active []

 [810] [811]
Underfull \vbox (badness 1817) has occurred while \output is active []

 [812] [813] [814] [815]
第一百二十五章

Underfull \vbox (badness 10000) has occurred while \output is active []

 [816

]
Underfull \vbox (badness 10000) has occurred while \output is active []

 [817] [818]
Underfull \vbox (badness 10000) has occurred while \output is active []

 [819] [820] [821]
第一百二十六章

Underfull \vbox (badness 5022) has occurred while \output is active []

 [822

] [823]
Underfull \vbox (badness 3965) has occurred while \output is active []

 [824] [825] [826]
Underfull \vbox (badness 1436) has occurred while \output is active []

 [827] [828]
Underfull \vbox (badness 1824) has occurred while \output is active []

 [829]
Underfull \vbox (badness 10000) has occurred while \output is active []

 [830] [831]
Underfull \vbox (badness 10000) has occurred while \output is active []

 [832]
Underfull \vbox (badness 2894) has occurred while \output is active []

 [833]
Underfull \vbox (badness 10000) has occurred while \output is active []

 [834] [835] [836]
Underfull \vbox (badness 3989) has occurred while \output is active []

 [837] [838] [839] [840] (../语文/中学现代文阅读课文.aux)
 ***********
LaTeX2e <2023-11-01> patch level 1
L3 programming layer <2022/08/05>
 ***********


LaTeX Font Warning: Some font shapes were not available, defaults substituted.

 ) 
Here is how much of TeX's memory you used:
 66585 strings out of 474878
 1486366 string characters out of 5763760
 1945630 words of memory out of 5000000
 88395 multiletter control sequences out of 15000+600000
 568012 words of font info for 132 fonts, out of 8000000 for 9000
 1348 hyphenation exceptions out of 8191
 93i,8n,97p,1600b,47347s stack positions out of 10000i,1000n,20000p,200000b,200000s

Output written on ../语文/中学现代文阅读课文.pdf (840 pages).
