This is XeTeX, Version 3.141592653-2.6-0.999995 (TeX Live 2023) (preloaded format=xelatex 2024.1.28)  8 SEP 2024 13:26
entering extended mode
 restricted \write18 enabled.
 file:line:error style messages enabled.
 %&-line parsing enabled.
**d:/Documents/Projects/yuwen/code/小学现代文阅读课文
(d:/Documents/Projects/yuwen/code/小学现代文阅读课文.tex
LaTeX2e <2023-11-01> patch level 1
L3 programming layer <2024-01-22>
(c:/texlive/2023/texmf-dist/tex/latex/ctex/ctexbook.cls (c:/texlive/2023/texmf-dist/tex/latex/ctex/config/ctexbackend.cfg
File: ctexbackend.cfg 2022/07/14 v2.5.10 Backend configuration file (CTEX)
) (c:/texlive/2023/texmf-dist/tex/latex/l3kernel/expl3.sty
Package: expl3 2024-01-22 L3 programming layer (loader) 
 (c:/texlive/2023/texmf-dist/tex/latex/l3backend/l3backend-xetex.def
File: l3backend-xetex.def 2024-01-04 L3 backend support: XeTeX
\g__graphics_track_int=\count183
\l__pdf_internal_box=\box51
\g__pdf_backend_object_int=\count184
\g__pdf_backend_annotation_int=\count185
\g__pdf_backend_link_int=\count186
))
Document Class: ctexbook 2022/07/14 v2.5.10 Chinese adapter for class book (CTEX)
(c:/texlive/2023/texmf-dist/tex/latex/ctex/ctexhook.sty
Package: ctexhook 2022/07/14 v2.5.10 Document and package hooks (CTEX)
) (c:/texlive/2023/texmf-dist/tex/latex/ctex/ctexpatch.sty
Package: ctexpatch 2022/07/14 v2.5.10 Patching commands (CTEX)
) (c:/texlive/2023/texmf-dist/tex/latex/base/fix-cm.sty
Package: fix-cm 2020/11/24 v1.1t fixes to LaTeX
 (c:/texlive/2023/texmf-dist/tex/latex/base/ts1enc.def
File: ts1enc.def 2001/06/05 v3.0e (jk/car/fm) Standard LaTeX file
LaTeX Font Info:    Redeclaring font encoding TS1 on input line 47.
))
\l__ctex_tmp_int=\count187
\l__ctex_tmp_box=\box52
\l__ctex_tmp_dim=\dimen140
\g__ctex_section_depth_int=\count188
\g__ctex_font_size_int=\count189
 (c:/texlive/2023/texmf-dist/tex/latex/ctex/config/ctexopts.cfg
File: ctexopts.cfg 2022/07/14 v2.5.10 Option configuration file (CTEX)
) (c:/texlive/2023/texmf-dist/tex/latex/base/book.cls
Document Class: book 2023/05/17 v1.4n Standard LaTeX document class
(c:/texlive/2023/texmf-dist/tex/latex/base/bk12.clo
File: bk12.clo 2023/05/17 v1.4n Standard LaTeX file (size option)
)
\c@part=\count190
\c@chapter=\count191
\c@section=\count192
\c@subsection=\count193
\c@subsubsection=\count194
\c@paragraph=\count195
\c@subparagraph=\count196
\c@figure=\count197
\c@table=\count198
\abovecaptionskip=\skip48
\belowcaptionskip=\skip49
\bibindent=\dimen141
) (c:/texlive/2023/texmf-dist/tex/latex/ctex/engine/ctex-engine-xetex.def
File: ctex-engine-xetex.def 2022/07/14 v2.5.10 XeLaTeX adapter (CTEX)
 (c:/texlive/2023/texmf-dist/tex/xelatex/xecjk/xeCJK.sty
Package: xeCJK 2022/08/05 v3.9.1 Typesetting CJK scripts with XeLaTeX
 (c:/texlive/2023/texmf-dist/tex/latex/l3packages/xtemplate/xtemplate.sty
Package: xtemplate 2023-10-10 L3 Experimental prototype document functions
\l__xtemplate_tmp_dim=\dimen142
\l__xtemplate_tmp_int=\count199
\l__xtemplate_tmp_muskip=\muskip16
\l__xtemplate_tmp_skip=\skip50
)
\l__xeCJK_tmp_int=\count266
\l__xeCJK_tmp_box=\box53
\l__xeCJK_tmp_dim=\dimen143
\l__xeCJK_tmp_skip=\skip51
\g__xeCJK_space_factor_int=\count267
\l__xeCJK_begin_int=\count268
\l__xeCJK_end_int=\count269
\c__xeCJK_CJK_class_int=\XeTeXcharclass1
\c__xeCJK_FullLeft_class_int=\XeTeXcharclass2
\c__xeCJK_FullRight_class_int=\XeTeXcharclass3
\c__xeCJK_HalfLeft_class_int=\XeTeXcharclass4
\c__xeCJK_HalfRight_class_int=\XeTeXcharclass5
\c__xeCJK_NormalSpace_class_int=\XeTeXcharclass6
\c__xeCJK_CM_class_int=\XeTeXcharclass7
\c__xeCJK_HangulJamo_class_int=\XeTeXcharclass8
\l__xeCJK_last_skip=\skip52
\c__xeCJK_none_node=\count270
\g__xeCJK_node_int=\count271
\c__xeCJK_CJK_node_dim=\dimen144
\c__xeCJK_CJK-space_node_dim=\dimen145
\c__xeCJK_default_node_dim=\dimen146
\c__xeCJK_CJK-widow_node_dim=\dimen147
\c__xeCJK_normalspace_node_dim=\dimen148
\c__xeCJK_default-space_node_skip=\skip53
\l__xeCJK_ccglue_skip=\skip54
\l__xeCJK_ecglue_skip=\skip55
\l__xeCJK_punct_kern_skip=\skip56
\l__xeCJK_indent_box=\box54
\l__xeCJK_last_penalty_int=\count272
\l__xeCJK_last_bound_dim=\dimen149
\l__xeCJK_last_kern_dim=\dimen150
\l__xeCJK_widow_penalty_int=\count273

Package xtemplate Info: Declaring object type 'xeCJK/punctuation' taking 0
(xtemplate)             argument(s) on line 2396.

\l__xeCJK_fixed_punct_width_dim=\dimen151
\l__xeCJK_mixed_punct_width_dim=\dimen152
\l__xeCJK_middle_punct_width_dim=\dimen153
\l__xeCJK_fixed_margin_width_dim=\dimen154
\l__xeCJK_mixed_margin_width_dim=\dimen155
\l__xeCJK_middle_margin_width_dim=\dimen156
\l__xeCJK_bound_punct_width_dim=\dimen157
\l__xeCJK_bound_margin_width_dim=\dimen158
\l__xeCJK_margin_minimum_dim=\dimen159
\l__xeCJK_kerning_total_width_dim=\dimen160
\l__xeCJK_same_align_margin_dim=\dimen161
\l__xeCJK_different_align_margin_dim=\dimen162
\l__xeCJK_kerning_margin_width_dim=\dimen163
\l__xeCJK_kerning_margin_minimum_dim=\dimen164
\l__xeCJK_bound_dim=\dimen165
\l__xeCJK_reverse_bound_dim=\dimen166
\l__xeCJK_margin_dim=\dimen167
\l__xeCJK_minimum_bound_dim=\dimen168
\l__xeCJK_kerning_margin_dim=\dimen169
\g__xeCJK_family_int=\count274
\l__xeCJK_fam_int=\count275
\g__xeCJK_fam_allocation_int=\count276
\l__xeCJK_verb_case_int=\count277
\l__xeCJK_verb_exspace_skip=\skip57
 (c:/texlive/2023/texmf-dist/tex/latex/fontspec/fontspec.sty (c:/texlive/2023/texmf-dist/tex/latex/l3packages/xparse/xparse.sty
Package: xparse 2023-10-10 L3 Experimental document command parser
)
Package: fontspec 2022/01/15 v2.8a Font selection for XeLaTeX and LuaLaTeX
 (c:/texlive/2023/texmf-dist/tex/latex/fontspec/fontspec-xetex.sty
Package: fontspec-xetex 2022/01/15 v2.8a Font selection for XeLaTeX and LuaLaTeX
\l__fontspec_script_int=\count278
\l__fontspec_language_int=\count279
\l__fontspec_strnum_int=\count280
\l__fontspec_tmp_int=\count281
\l__fontspec_tmpa_int=\count282
\l__fontspec_tmpb_int=\count283
\l__fontspec_tmpc_int=\count284
\l__fontspec_em_int=\count285
\l__fontspec_emdef_int=\count286
\l__fontspec_strong_int=\count287
\l__fontspec_strongdef_int=\count288
\l__fontspec_tmpa_dim=\dimen170
\l__fontspec_tmpb_dim=\dimen171
\l__fontspec_tmpc_dim=\dimen172
 (c:/texlive/2023/texmf-dist/tex/latex/base/fontenc.sty
Package: fontenc 2021/04/29 v2.0v Standard LaTeX package
) (c:/texlive/2023/texmf-dist/tex/latex/fontspec/fontspec.cfg))) (c:/texlive/2023/texmf-dist/tex/xelatex/xecjk/xeCJK.cfg
File: xeCJK.cfg 2022/08/05 v3.9.1 Configuration file for xeCJK package
))
\ccwd=\dimen173
\l__ctex_ccglue_skip=\skip58
)
\l__ctex_ziju_dim=\dimen174
 (c:/texlive/2023/texmf-dist/tex/latex/zhnumber/zhnumber.sty
Package: zhnumber 2022/07/14 v3.0 Typesetting numbers with Chinese glyphs
\l__zhnum_scale_int=\count289
\l__zhnum_tmp_int=\count290
 (c:/texlive/2023/texmf-dist/tex/latex/zhnumber/zhnumber-utf8.cfg
File: zhnumber-utf8.cfg 2022/07/14 v3.0 Chinese numerals with UTF8 encoding
))
\l__ctex_heading_skip=\skip59
 (c:/texlive/2023/texmf-dist/tex/latex/ctex/scheme/ctex-scheme-chinese-book.def
File: ctex-scheme-chinese-book.def 2022/07/14 v2.5.10 Chinese scheme for book (CTEX)
 (c:/texlive/2023/texmf-dist/tex/latex/ctex/config/ctex-name-utf8.cfg
File: ctex-name-utf8.cfg 2022/07/14 v2.5.10 Caption with encoding UTF-8 (CTEX)
)) (c:/texlive/2023/texmf-dist/tex/latex/ctex/fontset/ctex-fontset-windows.def
File: ctex-fontset-windows.def 2022/07/14 v2.5.10 Windows fonts definition (CTEX)

Package fontspec Info: Could not resolve font "KaiTi/B" (it probably doesn't
(fontspec)             exist).


Package fontspec Info: Could not resolve font "SimHei/I" (it probably doesn't
(fontspec)             exist).


Package fontspec Info: Could not resolve font "SimSun/BI" (it probably doesn't
(fontspec)             exist).


Package fontspec Info: Font family 'SimSun(0)' created for font 'SimSun' with
(fontspec)             options
(fontspec)             [Script={CJK},BoldFont={SimHei},ItalicFont={KaiTi}].
(fontspec)              
(fontspec)              This font family consists of the following NFSS
(fontspec)             series/shapes:
(fontspec)              
(fontspec)             - 'normal' (m/n) with NFSS spec.:
(fontspec)             <->"SimSun/OT:script=hani;language=dflt;"
(fontspec)             - 'small caps'  (m/sc) with NFSS spec.: 
(fontspec)             - 'bold' (b/n) with NFSS spec.:
(fontspec)             <->"SimHei/OT:script=hani;language=dflt;"
(fontspec)             - 'bold small caps'  (b/sc) with NFSS spec.: 
(fontspec)             - 'italic' (m/it) with NFSS spec.:
(fontspec)             <->"KaiTi/OT:script=hani;language=dflt;"
(fontspec)             - 'italic small caps'  (m/scit) with NFSS spec.: 

)) (c:/texlive/2023/texmf-dist/tex/latex/ctex/config/ctex.cfg
File: ctex.cfg 2022/07/14 v2.5.10 Configuration file (CTEX)
)

Package ctexhook Warning: Package `ctex' can not be loaded with `ctexbook'.

LaTeX Info: Package 'ctex.sty' has been disabled.
            Load request ignored on input line 3.
(c:/texlive/2023/texmf-dist/tex/latex/titlesec/titlesec.sty
Package: titlesec 2023/10/27 v2.16 Sectioning titles
\ttl@box=\box55
\beforetitleunit=\skip60
\aftertitleunit=\skip61
\ttl@plus=\dimen175
\ttl@minus=\dimen176
\ttl@toksa=\toks17
\titlewidth=\dimen177
\titlewidthlast=\dimen178
\titlewidthfirst=\dimen179
) (c:/texlive/2023/texmf-dist/tex/latex/verse/verse.sty
Package: verse 2009/09/04 v2.4a verse typesetting
\c@vslineno=\count291
\c@poemline=\count292
\c@fvsline=\count293
\c@modulo@vs=\count294
\c@verse@envctr=\count295
\versewidth=\skip62
\vgap=\skip63
\vindent=\skip64
\stanzaskip=\skip65
\vleftskip=\skip66
\vrightskip=\skip67
\c@chrsinstr=\count296
\beforepoemtitleskip=\skip68
\afterpoemtitleskip=\skip69
) (c:/texlive/2023/texmf-dist/tex/xelatex/xunicode/xunicode.sty
File: xunicode.sty 2011/09/09 v0.981 provides access to latin accents and many other characters in Unicode lower plane
 (c:/texlive/2023/texmf-dist/tex/latex/tipa/t3enc.def
File: t3enc.def 2001/12/31 T3 encoding

Package fontspec Info: Could not resolve font "Microsoft YaHei Bold/I" (it
(fontspec)             probably doesn't exist).


Package fontspec Info: Could not resolve font "Microsoft YaHei/I" (it probably
(fontspec)             doesn't exist).


Package fontspec Info: Font family 'MicrosoftYaHei(0)' created for font
(fontspec)             'Microsoft YaHei' with options
(fontspec)             [Script={CJK},BoldFont={* Bold}].
(fontspec)              
(fontspec)              This font family consists of the following NFSS
(fontspec)             series/shapes:
(fontspec)              
(fontspec)             - 'normal' (m/n) with NFSS spec.: <->"Microsoft
(fontspec)             YaHei/OT:script=hani;language=dflt;"
(fontspec)             - 'small caps'  (m/sc) with NFSS spec.: 
(fontspec)             - 'bold' (b/n) with NFSS spec.: <->"Microsoft YaHei
(fontspec)             Bold/OT:script=hani;language=dflt;"
(fontspec)             - 'bold small caps'  (b/sc) with NFSS spec.: 
(fontspec)             - 'bold italic' (b/it) with NFSS spec.: <->"Microsoft
(fontspec)             YaHei/BI/OT:script=hani;language=dflt;"
(fontspec)             - 'bold italic small caps'  (b/scit) with NFSS spec.: 

)
\tipaTiiicode=\count297
\tipasavetokens=\toks18
\tipachecktokens=\toks19
 (c:/texlive/2023/texmf-dist/tex/latex/graphics/graphicx.sty
Package: graphicx 2021/09/16 v1.2d Enhanced LaTeX Graphics (DPC,SPQR)
 (c:/texlive/2023/texmf-dist/tex/latex/graphics/keyval.sty
Package: keyval 2022/05/29 v1.15 key=value parser (DPC)
\KV@toks@=\toks20
) (c:/texlive/2023/texmf-dist/tex/latex/graphics/graphics.sty
Package: graphics 2022/03/10 v1.4e Standard LaTeX Graphics (DPC,SPQR)
 (c:/texlive/2023/texmf-dist/tex/latex/graphics/trig.sty
Package: trig 2021/08/11 v1.11 sin cos tan (DPC)
) (c:/texlive/2023/texmf-dist/tex/latex/graphics-cfg/graphics.cfg
File: graphics.cfg 2016/06/04 v1.11 sample graphics configuration
)
Package graphics Info: Driver file: xetex.def on input line 107.
 (c:/texlive/2023/texmf-dist/tex/latex/graphics-def/xetex.def
File: xetex.def 2022/09/22 v5.0n Graphics/color driver for xetex
))
\Gin@req@height=\dimen180
\Gin@req@width=\dimen181
)) (c:/texlive/2023/texmf-dist/tex/xelatex/xltxtra/xltxtra.sty
Package: xltxtra 2018/12/31 v0.7 Improvements for the "XeLaTeX" format
 (c:/texlive/2023/texmf-dist/tex/generic/iftex/ifluatex.sty
Package: ifluatex 2019/10/25 v1.5 ifluatex legacy package. Use iftex instead.
 (c:/texlive/2023/texmf-dist/tex/generic/iftex/iftex.sty
Package: iftex 2022/02/03 v1.0f TeX engine tests
)) (c:/texlive/2023/texmf-dist/tex/generic/iftex/ifxetex.sty
Package: ifxetex 2019/10/25 v0.7 ifxetex legacy package. Use iftex instead.
) (c:/texlive/2023/texmf-dist/tex/latex/realscripts/realscripts.sty
Package: realscripts 2016/02/13 v0.3d Access OpenType subscripts and superscripts
\subsupersep=\dimen182
) (c:/texlive/2023/texmf-dist/tex/latex/metalogo/metalogo.sty
Package: metalogo 2010/05/29 v0.12 Extended TeX logo macros
\xl@everylogo=\toks21
\xl@@everylogo=\toks22
LaTeX Info: Redefining \TeX on input line 193.
LaTeX Info: Redefining \LaTeX on input line 202.
LaTeX Info: Redefining \LaTeXe on input line 219.
)
\l__xetex_show_hyphens_wrapping_box=\box56
\l__xetex_show_hyphens_temp_box=\box57
\l__xetex_show_hyphens_final_box=\box58
\g__xetex_show_hyphens_word_box=\box59
) (c:/texlive/2023/texmf-dist/tex/latex/xpinyin/xpinyin.sty
Package: xpinyin 2022/07/14 v3.1 Automatically add pinyin to Chinese characters
\l__xpinyin_tmpa_box=\box60
\l__xpinyin_tmpb_box=\box61
\l__xpinyin_CJKglue_dim=\dimen183
 (c:/texlive/2023/texmf-dist/tex/latex/xpinyin/xpinyin-database.def
File: xpinyin-database.def 2022/07/14 v3.1 xpinyin database
)) (c:/texlive/2023/texmf-dist/tex/latex/geometry/geometry.sty
Package: geometry 2020/01/02 v5.9 Page Geometry
 (c:/texlive/2023/texmf-dist/tex/generic/iftex/ifvtex.sty
Package: ifvtex 2019/10/25 v1.7 ifvtex legacy package. Use iftex instead.
)
\Gm@cnth=\count298
\Gm@cntv=\count299
\c@Gm@tempcnt=\count300
\Gm@bindingoffset=\dimen184
\Gm@wd@mp=\dimen185
\Gm@odd@mp=\dimen186
\Gm@even@mp=\dimen187
\Gm@layoutwidth=\dimen188
\Gm@layoutheight=\dimen189
\Gm@layouthoffset=\dimen190
\Gm@layoutvoffset=\dimen191
\Gm@dimlist=\toks23
) (c:/texlive/2023/texmf-dist/tex/latex/tools/indentfirst.sty
Package: indentfirst 2023/07/02 v1.03 Indent first paragraph (DPC)
) (c:/texlive/2023/texmf-dist/tex/latex/psnfss/pifont.sty
Package: pifont 2020/03/25 PSNFSS-v9.3 Pi font support (SPQR) 
LaTeX Font Info:    Trying to load font information for U+pzd on input line 63.
 (c:/texlive/2023/texmf-dist/tex/latex/psnfss/upzd.fd
File: upzd.fd 2001/06/04 font definitions for U/pzd.
)
LaTeX Font Info:    Trying to load font information for U+psy on input line 64.
 (c:/texlive/2023/texmf-dist/tex/latex/psnfss/upsy.fd
File: upsy.fd 2001/06/04 font definitions for U/psy.
)) (c:/texlive/2023/texmf-dist/tex/latex/footmisc/footmisc.sty
Package: footmisc 2023/07/05 v6.0f a miscellany of footnote facilities
\FN@temptoken=\toks24
\footnotemargin=\dimen192
\@outputbox@depth=\dimen193
 (c:/texlive/2023/texmf-dist/tex/latex/bigfoot/perpage.sty
Package: perpage 2014/10/25 2.0 Reset/sort counters per page
\c@abspage=\count301
)
\c@pp@a@footnote=\count302
Package footmisc Info: Declaring symbol style bringhurst on input line 696.
Package footmisc Info: Declaring symbol style chicago on input line 704.
Package footmisc Info: Declaring symbol style wiley on input line 713.
Package footmisc Info: Declaring symbol style lamport-robust on input line 724.
Package footmisc Info: Declaring symbol style lamport* on input line 744.
Package footmisc Info: Declaring symbol style lamport*-robust on input line 765.
)

Package fontspec Info: Font family 'Arial(0)' created for font 'Arial' with
(fontspec)             options [Ligatures=TeX].
(fontspec)              
(fontspec)              This font family consists of the following NFSS
(fontspec)             series/shapes:
(fontspec)              
(fontspec)             - 'normal' (m/n) with NFSS spec.:
(fontspec)             <->"Arial/OT:script=latn;language=dflt;mapping=tex-text;"
(fontspec)             - 'small caps'  (m/sc) with NFSS spec.:
(fontspec)             <->"Arial/OT:script=latn;language=dflt;+smcp;mapping=tex-text;"
(fontspec)             - 'bold' (b/n) with NFSS spec.:
(fontspec)             <->"Arial/B/OT:script=latn;language=dflt;mapping=tex-text;"
(fontspec)             - 'bold small caps'  (b/sc) with NFSS spec.:
(fontspec)             <->"Arial/B/OT:script=latn;language=dflt;+smcp;mapping=tex-text;"
(fontspec)             - 'italic' (m/it) with NFSS spec.:
(fontspec)             <->"Arial/I/OT:script=latn;language=dflt;mapping=tex-text;"
(fontspec)             - 'italic small caps'  (m/scit) with NFSS spec.:
(fontspec)             <->"Arial/I/OT:script=latn;language=dflt;+smcp;mapping=tex-text;"
(fontspec)             - 'bold italic' (b/it) with NFSS spec.:
(fontspec)             <->"Arial/BI/OT:script=latn;language=dflt;mapping=tex-text;"
(fontspec)             - 'bold italic small caps'  (b/scit) with NFSS spec.:
(fontspec)             <->"Arial/BI/OT:script=latn;language=dflt;+smcp;mapping=tex-text;"



Package xeCJK Warning: Redefining CJKfamily `\CJKrmdefault' (SimSun(0)).


Package fontspec Warning: Font "汉字之美仿宋GBK 免费" does not contain requested
(fontspec)                Script "CJK".


Package fontspec Info: Could not resolve font "STZhongsong/I" (it probably
(fontspec)             doesn't exist).


Package fontspec Info: Could not resolve font "汉字之美仿宋GBK 免费/BI" (it probably
(fontspec)             doesn't exist).


Package fontspec Info: Could not resolve font "汉字之美仿宋GBK 免费/I" (it probably
(fontspec)             doesn't exist).


Package fontspec Info: Font family '汉字之美仿宋GBK免费(0)' created for font
(fontspec)             '汉字之美仿宋GBK 免费' with options
(fontspec)             [Script={CJK},BoldFont={STZhongsong}].
(fontspec)              
(fontspec)              This font family consists of the following NFSS
(fontspec)             series/shapes:
(fontspec)              
(fontspec)             - 'normal' (m/n) with NFSS spec.: <->"汉字之美仿宋GBK
(fontspec)             免费/OT:language=dflt;"
(fontspec)             - 'small caps'  (m/sc) with NFSS spec.: 
(fontspec)             - 'bold' (b/n) with NFSS spec.:
(fontspec)             <->"STZhongsong/OT:language=dflt;"
(fontspec)             - 'bold small caps'  (b/sc) with NFSS spec.: 

Package footmisc Info: Declaring symbol style circled on input line 19.
(c:/texlive/2023/texmf-dist/tex/xelatex/xecjk/xunicode-addon.sty
Package: xunicode-addon 2022/08/05 v3.9.1 addon file for xunicode
\l__xunadd_tmp_coffin=\box62
\l__xunadd_circle_coffin=\box63
\l_xunadd_slot_int=\count303
) (c:/texlive/2023/texmf-dist/tex/xelatex/xunicode/xunicode.sty
File: xunicode.sty 2011/09/09 v0.981 provides access to latin accents and many other characters in Unicode lower plane

*** Reloading Xunicode for encoding 'TU' ***
) (c:/texlive/2023/texmf-dist/tex/xelatex/xecjk/xunicode-extra.def
File: xunicode-extra.def 2022/08/05 v3.9.1 extra definition for xunicode
)

LaTeX Warning: Unused global option(s):
    [UTF-8].

(../语文/小学现代文阅读课文.aux)
\openout1 = `小学现代文阅读课文.aux'.

LaTeX Font Info:    Checking defaults for OML/cmm/m/it on input line 29.
LaTeX Font Info:    ... okay on input line 29.
LaTeX Font Info:    Checking defaults for OMS/cmsy/m/n on input line 29.
LaTeX Font Info:    ... okay on input line 29.
LaTeX Font Info:    Checking defaults for OT1/cmr/m/n on input line 29.
LaTeX Font Info:    ... okay on input line 29.
LaTeX Font Info:    Checking defaults for T1/cmr/m/n on input line 29.
LaTeX Font Info:    ... okay on input line 29.
LaTeX Font Info:    Checking defaults for TS1/cmr/m/n on input line 29.
LaTeX Font Info:    ... okay on input line 29.
LaTeX Font Info:    Checking defaults for TU/lmr/m/n on input line 29.
LaTeX Font Info:    ... okay on input line 29.
LaTeX Font Info:    Checking defaults for OMX/cmex/m/n on input line 29.
LaTeX Font Info:    ... okay on input line 29.
LaTeX Font Info:    Checking defaults for U/cmr/m/n on input line 29.
LaTeX Font Info:    ... okay on input line 29.
LaTeX Font Info:    Checking defaults for T3/cmr/m/n on input line 29.
LaTeX Font Info:    Trying to load font information for T3+cmr on input line 29.
 (c:/texlive/2023/texmf-dist/tex/latex/tipa/t3cmr.fd
File: t3cmr.fd 2001/12/31 TIPA font definitions
)
LaTeX Font Info:    ... okay on input line 29.

Package fontspec Info: Adjusting the maths setup (use [no-math] to avoid
(fontspec)             this).

\symlegacymaths=\mathgroup4
LaTeX Font Info:    Overwriting symbol font `legacymaths' in version `bold'
(Font)                  OT1/cmr/m/n --> OT1/cmr/bx/n on input line 29.
LaTeX Font Info:    Redeclaring math accent \acute on input line 29.
LaTeX Font Info:    Redeclaring math accent \grave on input line 29.
LaTeX Font Info:    Redeclaring math accent \ddot on input line 29.
LaTeX Font Info:    Redeclaring math accent \tilde on input line 29.
LaTeX Font Info:    Redeclaring math accent \bar on input line 29.
LaTeX Font Info:    Redeclaring math accent \breve on input line 29.
LaTeX Font Info:    Redeclaring math accent \check on input line 29.
LaTeX Font Info:    Redeclaring math accent \hat on input line 29.
LaTeX Font Info:    Redeclaring math accent \dot on input line 29.
LaTeX Font Info:    Redeclaring math accent \mathring on input line 29.
LaTeX Font Info:    Redeclaring math symbol \colon on input line 29.
LaTeX Font Info:    Redeclaring math symbol \Gamma on input line 29.
LaTeX Font Info:    Redeclaring math symbol \Delta on input line 29.
LaTeX Font Info:    Redeclaring math symbol \Theta on input line 29.
LaTeX Font Info:    Redeclaring math symbol \Lambda on input line 29.
LaTeX Font Info:    Redeclaring math symbol \Xi on input line 29.
LaTeX Font Info:    Redeclaring math symbol \Pi on input line 29.
LaTeX Font Info:    Redeclaring math symbol \Sigma on input line 29.
LaTeX Font Info:    Redeclaring math symbol \Upsilon on input line 29.
LaTeX Font Info:    Redeclaring math symbol \Phi on input line 29.
LaTeX Font Info:    Redeclaring math symbol \Psi on input line 29.
LaTeX Font Info:    Redeclaring math symbol \Omega on input line 29.
LaTeX Font Info:    Redeclaring math symbol \mathdollar on input line 29.
LaTeX Font Info:    Redeclaring symbol font `operators' on input line 29.
LaTeX Font Info:    Encoding `OT1' has changed to `TU' for symbol font
(Font)              `operators' in the math version `normal' on input line 29.
LaTeX Font Info:    Overwriting symbol font `operators' in version `normal'
(Font)                  OT1/cmr/m/n --> TU/Arial(0)/m/n on input line 29.
LaTeX Font Info:    Encoding `OT1' has changed to `TU' for symbol font
(Font)              `operators' in the math version `bold' on input line 29.
LaTeX Font Info:    Overwriting symbol font `operators' in version `bold'
(Font)                  OT1/cmr/bx/n --> TU/Arial(0)/m/n on input line 29.
LaTeX Font Info:    Overwriting symbol font `operators' in version `normal'
(Font)                  TU/Arial(0)/m/n --> TU/Arial(0)/m/n on input line 29.
LaTeX Font Info:    Overwriting math alphabet `\mathit' in version `normal'
(Font)                  OT1/cmr/m/it --> TU/Arial(0)/m/it on input line 29.
LaTeX Font Info:    Overwriting math alphabet `\mathbf' in version `normal'
(Font)                  OT1/cmr/bx/n --> TU/Arial(0)/b/n on input line 29.
LaTeX Font Info:    Overwriting math alphabet `\mathsf' in version `normal'
(Font)                  OT1/cmss/m/n --> TU/lmss/m/n on input line 29.
LaTeX Font Info:    Overwriting math alphabet `\mathtt' in version `normal'
(Font)                  OT1/cmtt/m/n --> TU/lmtt/m/n on input line 29.
LaTeX Font Info:    Overwriting symbol font `operators' in version `bold'
(Font)                  TU/Arial(0)/m/n --> TU/Arial(0)/b/n on input line 29.
LaTeX Font Info:    Overwriting math alphabet `\mathit' in version `bold'
(Font)                  OT1/cmr/bx/it --> TU/Arial(0)/b/it on input line 29.
LaTeX Font Info:    Overwriting math alphabet `\mathsf' in version `bold'
(Font)                  OT1/cmss/bx/n --> TU/lmss/b/n on input line 29.
LaTeX Font Info:    Overwriting math alphabet `\mathtt' in version `bold'
(Font)                  OT1/cmtt/m/n --> TU/lmtt/b/n on input line 29.

*geometry* driver: auto-detecting
*geometry* detected driver: xetex
*geometry* verbose mode - [ preamble ] result:
* driver: xetex
* paper: a5paper
* layout: <same size as paper>
* layoutoffset:(h,v)=(0.0pt,0.0pt)
* modes: twoside 
* h-part:(L,W,R)=(39.83368pt, 341.43343pt, 39.83368pt)
* v-part:(T,H,B)=(65.44142pt, 466.62503pt, 65.44142pt)
* \paperwidth=421.10078pt
* \paperheight=597.50787pt
* \textwidth=341.43343pt
* \textheight=466.62503pt
* \oddsidemargin=-32.43631pt
* \evensidemargin=-32.43631pt
* \topmargin=-38.70236pt
* \headheight=12.0pt
* \headsep=19.8738pt
* \topskip=12.0pt
* \footskip=30.0pt
* \marginparwidth=98.0pt
* \marginparsep=7.0pt
* \columnsep=10.0pt
* \skip\footins=10.8pt plus 4.0pt minus 2.0pt
* \hoffset=0.0pt
* \voffset=0.0pt
* \mag=1000
* \@twocolumnfalse
* \@twosidetrue
* \@mparswitchtrue
* \@reversemarginfalse
* (1in=72.27pt=25.4mm, 1cm=28.453pt)

LaTeX Font Info:    External font `cmex10' loaded for size
(Font)              <14.4> on input line 30.
LaTeX Font Info:    External font `cmex10' loaded for size
(Font)              <7> on input line 30.
[1


] (../语文/小学现代文阅读课文.toc [2

]
LaTeX Font Info:    Font shape `TU/Arial(0)/m/sl' in size <12> not available
(Font)              Font shape `TU/Arial(0)/m/it' tried instead on input line 22.


LaTeX Font Warning: Font shape `TU/汉字之美仿宋GBK免费(0)/m/sl' undefined
(Font)              using `TU/汉字之美仿宋GBK免费(0)/m/n' instead on input line 22.

[3] [4] [5] [6] [7] [8] [9] [10] [11] [12] [13] [14] [15])
\tf@toc=\write3
\openout3 = `小学现代文阅读课文.toc'.

 [16]
第一章

Underfull \vbox (badness 10000) has occurred while \output is active []

 [17

] [18]
第二章

Underfull \vbox (badness 10000) has occurred while \output is active []

 [19

] [20]
第三章
[21

]
第四章
[22

]
第五章

Underfull \vbox (badness 10000) has occurred while \output is active []

 [23

] [24]
第六章
[25

]
第七章

Underfull \vbox (badness 10000) has occurred while \output is active []

 [26

] [27]
第八章

Underfull \vbox (badness 10000) has occurred while \output is active []

 [28

] [29]
第九章
[30

]
第十章
[31

]
第十一章
[32

]
第十二章

Underfull \vbox (badness 10000) has occurred while \output is active []

 [33

] [34]
第十三章

Underfull \vbox (badness 10000) has occurred while \output is active []

 [35

] [36]
第十四章
[37

]
第十五章
[38

]
第十六章

Underfull \vbox (badness 10000) has occurred while \output is active []

 [39

] [40]
第十七章

Underfull \vbox (badness 10000) has occurred while \output is active []

 [41

] [42]
第十八章

Underfull \vbox (badness 10000) has occurred while \output is active []

 [43

] [44]
第十九章

Underfull \vbox (badness 10000) has occurred while \output is active []

 [45

] [46]
第二十章

Underfull \vbox (badness 1377) has occurred while \output is active []

 [47

] [48]
第二十一章

Underfull \vbox (badness 10000) has occurred while \output is active []

 [49

]
Underfull \vbox (badness 10000) has occurred while \output is active []

 [50] [51]
第二十二章
[52

]
第二十三章
[53

]
第二十四章

Underfull \vbox (badness 10000) has occurred while \output is active []

 [54

] [55]
第二十五章

Underfull \vbox (badness 10000) has occurred while \output is active []

 [56

] [57]
第二十六章

Underfull \vbox (badness 10000) has occurred while \output is active []

 [58

] [59]
第二十七章

Underfull \vbox (badness 10000) has occurred while \output is active []

 [60

] [61]
第二十八章
LaTeX Font Info:    Calculating math sizes for size <8.5> on input line 556.
LaTeX Font Info:    External font `cmex10' loaded for size
(Font)              <8.5> on input line 556.
LaTeX Font Info:    External font `cmex10' loaded for size
(Font)              <5.94997> on input line 556.
LaTeX Font Info:    External font `cmex10' loaded for size
(Font)              <4.25> on input line 556.

Underfull \vbox (badness 4819) has occurred while \output is active []

 [62

] [63] [64]
第二十九章
[65

]
第三十章
[66

]
第三十一章
[67

]
第三十二章

Underfull \vbox (badness 10000) has occurred while \output is active []

 [68

] [69]
第三十三章

Underfull \vbox (badness 10000) has occurred while \output is active []

 [70

] [71]
第三十四章

Underfull \vbox (badness 10000) has occurred while \output is active []

 [72

]
Underfull \vbox (badness 10000) has occurred while \output is active []

 [73] [74]
第三十五章

Underfull \vbox (badness 10000) has occurred while \output is active []

 [75

] [76]
第三十六章

Underfull \vbox (badness 10000) has occurred while \output is active []

 [77

] [78]
第三十七章

Underfull \vbox (badness 10000) has occurred while \output is active []

 [79

] [80]
第三十八章

Underfull \vbox (badness 10000) has occurred while \output is active []

 [81

] [82] [83]
第三十九章

Underfull \vbox (badness 10000) has occurred while \output is active []

 [84

] [85]
第四十章

Underfull \vbox (badness 10000) has occurred while \output is active []

 [86

] [87]
第四十一章

Underfull \vbox (badness 10000) has occurred while \output is active []

 [88

] [89]
第四十二章

Underfull \vbox (badness 10000) has occurred while \output is active []

 [90

] [91]
第四十三章

Underfull \vbox (badness 10000) has occurred while \output is active []

 [92

] [93]
第四十四章

Underfull \vbox (badness 10000) has occurred while \output is active []

 [94

]
Underfull \vbox (badness 10000) has occurred while \output is active []

 [95] [96]
第四十五章

Underfull \vbox (badness 10000) has occurred while \output is active []

 [97

] [98]
第四十六章

Underfull \vbox (badness 10000) has occurred while \output is active []

 [99

] [100]
第四十七章

Underfull \vbox (badness 10000) has occurred while \output is active []

 [101

] [102]
第四十八章

Underfull \vbox (badness 10000) has occurred while \output is active []

 [103

] [104]
第四十九章

Underfull \vbox (badness 10000) has occurred while \output is active []

 [105

] [106]
第五十章

Underfull \vbox (badness 10000) has occurred while \output is active []

 [107

]
Underfull \vbox (badness 10000) has occurred while \output is active []

 [108] [109]
第五十一章

Underfull \vbox (badness 10000) has occurred while \output is active []

 [110

] [111]
第五十二章
[112

]
第五十三章

Underfull \vbox (badness 10000) has occurred while \output is active []

 [113

] [114] [115]
第五十四章

Underfull \vbox (badness 10000) has occurred while \output is active []

 [116

]
Underfull \vbox (badness 10000) has occurred while \output is active []

 [117] [118]
第五十五章

Underfull \vbox (badness 10000) has occurred while \output is active []

 [119

]
Underfull \vbox (badness 10000) has occurred while \output is active []

 [120] [121]
第五十六章

Underfull \vbox (badness 10000) has occurred while \output is active []

 [122

]
Underfull \vbox (badness 10000) has occurred while \output is active []

 [123] [124]
第五十七章

Underfull \vbox (badness 10000) has occurred while \output is active []

 [125

]
Underfull \vbox (badness 10000) has occurred while \output is active []

 [126] [127]
第五十八章

Underfull \vbox (badness 10000) has occurred while \output is active []

 [128

] [129]
第五十九章
[130

]
Underfull \vbox (badness 10000) has occurred while \output is active []

 [131] [132] [133]
第六十章

Underfull \vbox (badness 10000) has occurred while \output is active []

 [134

] [135]
第六十一章
[136

] [137] [138]
第六十二章

Underfull \vbox (badness 10000) has occurred while \output is active []

 [139

] [140]
第六十三章

Underfull \vbox (badness 10000) has occurred while \output is active []

 [141

] [142]
第六十四章

Underfull \vbox (badness 10000) has occurred while \output is active []

 [143

] [144]
第六十五章

Underfull \vbox (badness 10000) has occurred while \output is active []

 [145

]
Underfull \vbox (badness 10000) has occurred while \output is active []

 [146] [147]
第六十六章

Underfull \vbox (badness 10000) has occurred while \output is active []

 [148

]
Underfull \vbox (badness 10000) has occurred while \output is active []

 [149] [150]
第六十七章

Underfull \vbox (badness 10000) has occurred while \output is active []

 [151

]
Underfull \vbox (badness 10000) has occurred while \output is active []

 [152] [153]
第六十八章
[154

] [155]
第六十九章

Underfull \vbox (badness 10000) has occurred while \output is active []

 [156

]
Underfull \vbox (badness 10000) has occurred while \output is active []

 [157] [158]
第七十章

Underfull \vbox (badness 10000) has occurred while \output is active []

 [159

]
Underfull \vbox (badness 10000) has occurred while \output is active []

 [160] [161]
第七十一章

Underfull \vbox (badness 10000) has occurred while \output is active []

 [162

] [163]
第七十二章

Underfull \vbox (badness 10000) has occurred while \output is active []

 [164

]
Underfull \vbox (badness 10000) has occurred while \output is active []

 [165] [166]
第七十三章

Underfull \vbox (badness 10000) has occurred while \output is active []

 [167

]
Underfull \vbox (badness 10000) has occurred while \output is active []

 [168] [169]
第七十四章

Underfull \vbox (badness 10000) has occurred while \output is active []

 [170

] [171]
第七十五章

Underfull \vbox (badness 10000) has occurred while \output is active []

 [172

]
Underfull \vbox (badness 10000) has occurred while \output is active []

 [173] [174]
第七十六章

Underfull \vbox (badness 10000) has occurred while \output is active []

 [175

]
Underfull \vbox (badness 10000) has occurred while \output is active []

 [176] [177]
第七十七章

Underfull \vbox (badness 10000) has occurred while \output is active []

 [178

]
Underfull \vbox (badness 10000) has occurred while \output is active []

 [179] [180]
第七十八章

Underfull \vbox (badness 10000) has occurred while \output is active []

 [181

]
Underfull \vbox (badness 10000) has occurred while \output is active []

 [182] [183]
第七十九章

Underfull \vbox (badness 10000) has occurred while \output is active []

 [184

]
Underfull \vbox (badness 10000) has occurred while \output is active []

 [185] [186]
第八十章
[187

]
第八十一章

Underfull \vbox (badness 10000) has occurred while \output is active []

 [188

] [189]
第八十二章

Underfull \vbox (badness 10000) has occurred while \output is active []

 [190

] [191]
第八十三章

Underfull \vbox (badness 10000) has occurred while \output is active []

 [192

]
Underfull \vbox (badness 10000) has occurred while \output is active []

 [193] [194]
第八十四章

Underfull \vbox (badness 10000) has occurred while \output is active []

 [195

] [196] [197]
第八十五章

Underfull \vbox (badness 10000) has occurred while \output is active []

 [198

] [199]
第八十六章

Underfull \vbox (badness 10000) has occurred while \output is active []

 [200

]
Underfull \vbox (badness 10000) has occurred while \output is active []

 [201] [202]
第八十七章

Underfull \vbox (badness 10000) has occurred while \output is active []

 [203

]
Underfull \vbox (badness 10000) has occurred while \output is active []

 [204] [205]
第八十八章

Underfull \vbox (badness 10000) has occurred while \output is active []

 [206

]
Underfull \vbox (badness 2197) has occurred while \output is active []

 [207]
Underfull \vbox (badness 10000) has occurred while \output is active []

 [208] [209]
第八十九章

Underfull \vbox (badness 10000) has occurred while \output is active []

 [210

]
Underfull \vbox (badness 10000) has occurred while \output is active []

 [211] [212]
第九十章

Underfull \vbox (badness 10000) has occurred while \output is active []

 [213

] [214]
第九十一章

Underfull \vbox (badness 10000) has occurred while \output is active []

 [215

] [216]
第九十二章

Underfull \vbox (badness 10000) has occurred while \output is active []

 [217

]
Underfull \vbox (badness 10000) has occurred while \output is active []

 [218] [219]
第九十三章

Underfull \vbox (badness 10000) has occurred while \output is active []

 [220

]
Underfull \vbox (badness 10000) has occurred while \output is active []

 [221] [222]
第九十四章

Underfull \vbox (badness 10000) has occurred while \output is active []

 [223

] [224]
第九十五章
[225

]
Underfull \vbox (badness 3826) has occurred while \output is active []

 [226] [227] [228]
第九十六章

Underfull \vbox (badness 10000) has occurred while \output is active []

 [229

]
Underfull \vbox (badness 10000) has occurred while \output is active []

 [230]
Underfull \vbox (badness 10000) has occurred while \output is active []

 [231] [232]
第九十七章

Underfull \vbox (badness 10000) has occurred while \output is active []

 [233

] [234]
第九十八章

Underfull \vbox (badness 10000) has occurred while \output is active []

 [235

]
Underfull \vbox (badness 10000) has occurred while \output is active []

 [236]
Underfull \vbox (badness 10000) has occurred while \output is active []

 [237]
Underfull \vbox (badness 10000) has occurred while \output is active []

 [238]
Underfull \vbox (badness 10000) has occurred while \output is active []

 [239]
Underfull \vbox (badness 10000) has occurred while \output is active []

 [240]
Underfull \vbox (badness 10000) has occurred while \output is active []

 [241]
Underfull \vbox (badness 10000) has occurred while \output is active []

 [242]
Underfull \vbox (badness 10000) has occurred while \output is active []

 [243] [244]
第九十九章

Underfull \vbox (badness 10000) has occurred while \output is active []

 [245

] [246]
第一百章

Underfull \vbox (badness 10000) has occurred while \output is active []

 [247

] [248]
第一百零一章

Underfull \vbox (badness 10000) has occurred while \output is active []

 [249

]
Underfull \vbox (badness 10000) has occurred while \output is active []

 [250]
Underfull \vbox (badness 10000) has occurred while \output is active []

 [251] [252]
第一百零二章

Underfull \vbox (badness 10000) has occurred while \output is active []

 [253

]
Underfull \vbox (badness 10000) has occurred while \output is active []

 [254]
Underfull \vbox (badness 10000) has occurred while \output is active []

 [255] [256]
第一百零三章

Underfull \vbox (badness 10000) has occurred while \output is active []

 [257

]
Underfull \vbox (badness 10000) has occurred while \output is active []

 [258] [259]
第一百零四章

Underfull \vbox (badness 10000) has occurred while \output is active []

 [260

]
Underfull \vbox (badness 10000) has occurred while \output is active []

 [261] [262]
第一百零五章

Underfull \vbox (badness 10000) has occurred while \output is active []

 [263

] [264]
第一百零六章

Underfull \vbox (badness 10000) has occurred while \output is active []

 [265

]
Underfull \vbox (badness 10000) has occurred while \output is active []

 [266]
Underfull \vbox (badness 10000) has occurred while \output is active []

 [267] [268]
Underfull \vbox (badness 10000) has occurred while \output is active []

 [269]
Underfull \vbox (badness 10000) has occurred while \output is active []

 [270] [271]
第一百零七章

Underfull \vbox (badness 10000) has occurred while \output is active []

 [272

]
Underfull \vbox (badness 10000) has occurred while \output is active []

 [273]
Underfull \vbox (badness 10000) has occurred while \output is active []

 [274]
Underfull \vbox (badness 2626) has occurred while \output is active []

 [275] [276]
第一百零八章

Underfull \vbox (badness 10000) has occurred while \output is active []

 [277

]
Underfull \vbox (badness 10000) has occurred while \output is active []

 [278]
Underfull \vbox (badness 10000) has occurred while \output is active []

 [279] [280]
第一百零九章

Underfull \vbox (badness 10000) has occurred while \output is active []

 [281

]
Underfull \vbox (badness 10000) has occurred while \output is active []

 [282]
Underfull \vbox (badness 10000) has occurred while \output is active []

 [283]
Underfull \vbox (badness 10000) has occurred while \output is active []

 [284] [285]
第一百一十章

Underfull \vbox (badness 10000) has occurred while \output is active []

 [286

]
Underfull \vbox (badness 10000) has occurred while \output is active []

 [287] [288]
第一百一十一章

Underfull \vbox (badness 10000) has occurred while \output is active []

 [289

]
Underfull \vbox (badness 10000) has occurred while \output is active []

 [290] [291]
第一百一十二章

Underfull \vbox (badness 10000) has occurred while \output is active []

 [292

]
Underfull \vbox (badness 10000) has occurred while \output is active []

 [293] [294]
第一百一十三章

Underfull \vbox (badness 10000) has occurred while \output is active []

 [295

]
Underfull \vbox (badness 10000) has occurred while \output is active []

 [296] [297] [298]
第一百一十四章

Underfull \vbox (badness 10000) has occurred while \output is active []

 [299

] [300] [301] [302]
第一百一十五章

Underfull \vbox (badness 10000) has occurred while \output is active []

 [303

]
Underfull \vbox (badness 10000) has occurred while \output is active []

 [304]
Underfull \vbox (badness 10000) has occurred while \output is active []

 [305] [306]
第一百一十六章

Underfull \vbox (badness 10000) has occurred while \output is active []

 [307

]
Underfull \vbox (badness 5064) has occurred while \output is active []

 [308]
Underfull \vbox (badness 10000) has occurred while \output is active []

 [309] [310] [311]
第一百一十七章
[312

] [313] [314]
第一百一十八章

Underfull \vbox (badness 10000) has occurred while \output is active []

 [315

]
Underfull \vbox (badness 10000) has occurred while \output is active []

 [316] [317]
第一百一十九章

Underfull \vbox (badness 10000) has occurred while \output is active []

 [318

]
Underfull \vbox (badness 10000) has occurred while \output is active []

 [319] [320]
第一百二十章

Underfull \vbox (badness 10000) has occurred while \output is active []

 [321

]
Underfull \vbox (badness 10000) has occurred while \output is active []

 [322] [323]
第一百二十一章

Underfull \vbox (badness 10000) has occurred while \output is active []

 [324

]
Underfull \vbox (badness 10000) has occurred while \output is active []

 [325] [326]
第一百二十二章

Underfull \vbox (badness 10000) has occurred while \output is active []

 [327

]
Underfull \vbox (badness 10000) has occurred while \output is active []

 [328] [329]
第一百二十三章

Underfull \vbox (badness 10000) has occurred while \output is active []

 [330

]
Underfull \vbox (badness 10000) has occurred while \output is active []

 [331] [332]
第一百二十四章

Underfull \vbox (badness 10000) has occurred while \output is active []

 [333

]
Underfull \vbox (badness 10000) has occurred while \output is active []

 [334] [335]
第一百二十五章

Underfull \vbox (badness 10000) has occurred while \output is active []

 [336

]
Underfull \vbox (badness 10000) has occurred while \output is active []

 [337]
Underfull \vbox (badness 10000) has occurred while \output is active []

 [338]
Underfull \vbox (badness 10000) has occurred while \output is active []

 [339] [340]
第一百二十六章

Underfull \vbox (badness 10000) has occurred while \output is active []

 [341

]
Underfull \vbox (badness 10000) has occurred while \output is active []

 [342] [343]
第一百二十七章

Underfull \vbox (badness 10000) has occurred while \output is active []

 [344

]
Underfull \vbox (badness 10000) has occurred while \output is active []

 [345] [346]
第一百二十八章

Underfull \vbox (badness 10000) has occurred while \output is active []

 [347

] [348]
第一百二十九章

Underfull \vbox (badness 10000) has occurred while \output is active []

 [349

]
Underfull \vbox (badness 10000) has occurred while \output is active []

 [350]
Underfull \vbox (badness 10000) has occurred while \output is active []

 [351] [352]
第一百三十章

Underfull \vbox (badness 10000) has occurred while \output is active []

 [353

]
Underfull \vbox (badness 10000) has occurred while \output is active []

 [354]
Underfull \vbox (badness 10000) has occurred while \output is active []

 [355] [356]
第一百三十一章
[357

]
第一百三十二章
[358

] [359]
第一百三十三章

Underfull \vbox (badness 10000) has occurred while \output is active []

 [360

]
Underfull \vbox (badness 10000) has occurred while \output is active []

 [361] [362]
第一百三十四章

Underfull \vbox (badness 10000) has occurred while \output is active []

 [363

] [364]
第一百三十五章

Underfull \vbox (badness 10000) has occurred while \output is active []

 [365

]
Underfull \vbox (badness 10000) has occurred while \output is active []

 [366] [367]
第一百三十六章

Underfull \vbox (badness 10000) has occurred while \output is active []

 [368

]
Underfull \vbox (badness 10000) has occurred while \output is active []

 [369]
Underfull \vbox (badness 10000) has occurred while \output is active []

 [370] [371]
第一百三十七章

Underfull \vbox (badness 10000) has occurred while \output is active []

 [372

]
Underfull \vbox (badness 10000) has occurred while \output is active []

 [373]
Underfull \vbox (badness 10000) has occurred while \output is active []

 [374]
Underfull \vbox (badness 10000) has occurred while \output is active []

 [375] [376]
第一百三十八章

Underfull \vbox (badness 10000) has occurred while \output is active []

 [377

]
Underfull \vbox (badness 10000) has occurred while \output is active []

 [378]
Underfull \vbox (badness 10000) has occurred while \output is active []

 [379]
Underfull \vbox (badness 10000) has occurred while \output is active []

 [380]
Underfull \vbox (badness 10000) has occurred while \output is active []

 [381] [382]
第一百三十九章

Underfull \vbox (badness 10000) has occurred while \output is active []

 [383

]
Underfull \vbox (badness 10000) has occurred while \output is active []

 [384]
Underfull \vbox (badness 10000) has occurred while \output is active []

 [385]
Underfull \vbox (badness 4967) has occurred while \output is active []

 [386]
Underfull \vbox (badness 10000) has occurred while \output is active []

 [387] [388]
第一百四十章

Underfull \vbox (badness 10000) has occurred while \output is active []

 [389

]
Underfull \vbox (badness 10000) has occurred while \output is active []

 [390]
Underfull \vbox (badness 10000) has occurred while \output is active []

 [391]
Underfull \vbox (badness 10000) has occurred while \output is active []

 [392]
Underfull \vbox (badness 10000) has occurred while \output is active []

 [393]
Underfull \vbox (badness 10000) has occurred while \output is active []

 [394] [395]
第一百四十一章

Underfull \vbox (badness 10000) has occurred while \output is active []

 [396

]
Underfull \vbox (badness 10000) has occurred while \output is active []

 [397] [398]
第一百四十二章

Underfull \vbox (badness 10000) has occurred while \output is active []

 [399

]
Underfull \vbox (badness 10000) has occurred while \output is active []

 [400] [401]
第一百四十三章

Underfull \vbox (badness 10000) has occurred while \output is active []

 [402

]
Underfull \vbox (badness 10000) has occurred while \output is active []

 [403] [404]
第一百四十四章

Underfull \vbox (badness 10000) has occurred while \output is active []

 [405

]
Underfull \vbox (badness 7796) has occurred while \output is active []

 [406]
Underfull \vbox (badness 10000) has occurred while \output is active []

 [407] [408] [409]
第一百四十五章

Underfull \vbox (badness 10000) has occurred while \output is active []

 [410

]
Underfull \vbox (badness 10000) has occurred while \output is active []

 [411]
Underfull \vbox (badness 10000) has occurred while \output is active []

 [412] [413]
第一百四十六章

Underfull \vbox (badness 1205) has occurred while \output is active []

 [414

]
Underfull \vbox (badness 10000) has occurred while \output is active []

 [415]
Underfull \vbox (badness 1072) has occurred while \output is active []

 [416]
Underfull \vbox (badness 10000) has occurred while \output is active []

 [417] [418] [419]
第一百四十七章

Underfull \vbox (badness 10000) has occurred while \output is active []

 [420

]
Underfull \vbox (badness 1226) has occurred while \output is active []

 [421] [422]
Underfull \vbox (badness 10000) has occurred while \output is active []

 [423]
Underfull \vbox (badness 10000) has occurred while \output is active []

 [424]
Underfull \vbox (badness 10000) has occurred while \output is active []

 [425] [426]
第一百四十八章

Underfull \vbox (badness 10000) has occurred while \output is active []

 [427

]
Underfull \vbox (badness 10000) has occurred while \output is active []

 [428]
Underfull \vbox (badness 10000) has occurred while \output is active []

 [429] [430]
第一百四十九章

Underfull \vbox (badness 10000) has occurred while \output is active []

 [431

]
Underfull \vbox (badness 10000) has occurred while \output is active []

 [432] [433]
第一百五十章

Underfull \vbox (badness 10000) has occurred while \output is active []

 [434

]
Underfull \vbox (badness 10000) has occurred while \output is active []

 [435]
Underfull \vbox (badness 10000) has occurred while \output is active []

 [436] [437]
第一百五十一章

Underfull \vbox (badness 10000) has occurred while \output is active []

 [438

] [439]
第一百五十二章

Underfull \vbox (badness 10000) has occurred while \output is active []

 [440

] [441] [442]
第一百五十三章

Underfull \vbox (badness 10000) has occurred while \output is active []

 [443

] [444] [445]
第一百五十四章

Underfull \vbox (badness 10000) has occurred while \output is active []

 [446

]
Underfull \vbox (badness 4279) has occurred while \output is active []

 [447] [448] [449]
第一百五十五章
[450

]
Underfull \vbox (badness 5091) has occurred while \output is active []

 [451] [452] [453]
第一百五十六章
[454

] [455] [456]
第一百五十七章

Underfull \vbox (badness 10000) has occurred while \output is active []

 [457

] [458]
第一百五十八章
[459

] [460]
第一百五十九章

Underfull \vbox (badness 10000) has occurred while \output is active []

 [461

] [462]
第一百六十章
[463

] [464]
第一百六十一章

Underfull \vbox (badness 10000) has occurred while \output is active []

 [465

]
Underfull \vbox (badness 10000) has occurred while \output is active []

 [466]
Underfull \vbox (badness 10000) has occurred while \output is active []

 [467]
Underfull \vbox (badness 10000) has occurred while \output is active []

 [468] [469] [470]
第一百六十二章

Underfull \vbox (badness 10000) has occurred while \output is active []

 [471

]
Underfull \vbox (badness 10000) has occurred while \output is active []

 [472]
Underfull \vbox (badness 10000) has occurred while \output is active []

 [473] [474]
第一百六十三章

Underfull \vbox (badness 10000) has occurred while \output is active []

 [475

]
Underfull \vbox (badness 10000) has occurred while \output is active []

 [476]
Underfull \vbox (badness 10000) has occurred while \output is active []

 [477]
Underfull \vbox (badness 10000) has occurred while \output is active []

 [478]
Underfull \vbox (badness 10000) has occurred while \output is active []

 [479] [480]
第一百六十四章

Underfull \vbox (badness 10000) has occurred while \output is active []

 [481

]
Underfull \vbox (badness 10000) has occurred while \output is active []

 [482]
Underfull \vbox (badness 10000) has occurred while \output is active []

 [483]
Underfull \vbox (badness 10000) has occurred while \output is active []

 [484]
Underfull \vbox (badness 10000) has occurred while \output is active []

 [485] [486]
第一百六十五章

Underfull \vbox (badness 10000) has occurred while \output is active []

 [487

]
Underfull \vbox (badness 10000) has occurred while \output is active []

 [488]
Underfull \vbox (badness 10000) has occurred while \output is active []

 [489]
Underfull \vbox (badness 10000) has occurred while \output is active []

 [490] [491]
第一百六十六章

Underfull \vbox (badness 3769) has occurred while \output is active []

 [492

]
Underfull \vbox (badness 10000) has occurred while \output is active []

 [493]
Underfull \vbox (badness 10000) has occurred while \output is active []

 [494] [495]
第一百六十七章
[496

]
Underfull \vbox (badness 10000) has occurred while \output is active []

 [497] [498]
第一百六十八章

Underfull \vbox (badness 10000) has occurred while \output is active []

 [499

]
Underfull \vbox (badness 10000) has occurred while \output is active []

 [500]
Underfull \vbox (badness 10000) has occurred while \output is active []

 [501]
Underfull \vbox (badness 10000) has occurred while \output is active []

 [502] [503]
第一百六十九章

Underfull \vbox (badness 10000) has occurred while \output is active []

 [504

]
Underfull \vbox (badness 10000) has occurred while \output is active []

 [505]
Underfull \vbox (badness 10000) has occurred while \output is active []

 [506]
Underfull \vbox (badness 10000) has occurred while \output is active []

 [507]
Underfull \vbox (badness 10000) has occurred while \output is active []

 [508] [509]
第一百七十章

Underfull \vbox (badness 10000) has occurred while \output is active []

 [510

]
Underfull \vbox (badness 10000) has occurred while \output is active []

 [511]
Underfull \vbox (badness 10000) has occurred while \output is active []

 [512]
Underfull \vbox (badness 10000) has occurred while \output is active []

 [513] [514]
第一百七十一章

Underfull \vbox (badness 10000) has occurred while \output is active []

 [515

]
Underfull \vbox (badness 10000) has occurred while \output is active []

 [516]
Underfull \vbox (badness 10000) has occurred while \output is active []

 [517]
Underfull \vbox (badness 10000) has occurred while \output is active []

 [518] [519]
第一百七十二章

Underfull \vbox (badness 5388) has occurred while \output is active []

 [520

]
Underfull \vbox (badness 10000) has occurred while \output is active []

 [521] [522]
第一百七十三章

Underfull \vbox (badness 1394) has occurred while \output is active []

 [523

] [524]
第一百七十四章

Underfull \vbox (badness 10000) has occurred while \output is active []

 [525

]
Underfull \vbox (badness 10000) has occurred while \output is active []

 [526]
Underfull \vbox (badness 10000) has occurred while \output is active []

 [527]
Underfull \vbox (badness 10000) has occurred while \output is active []

 [528] [529]
第一百七十五章

Underfull \vbox (badness 2326) has occurred while \output is active []

 [530

]
Underfull \vbox (badness 1168) has occurred while \output is active []

 [531]
Underfull \vbox (badness 4886) has occurred while \output is active []

 [532]
Underfull \vbox (badness 10000) has occurred while \output is active []

 [533] [534] [535]
第一百七十六章

Underfull \vbox (badness 10000) has occurred while \output is active []

 [536

]
Underfull \vbox (badness 4467) has occurred while \output is active []

 [537]
Underfull \vbox (badness 1033) has occurred while \output is active []

 [538]
Underfull \vbox (badness 10000) has occurred while \output is active []

 [539] [540]
第一百七十七章
[541

]
Underfull \vbox (badness 10000) has occurred while \output is active []

 [542]
Underfull \vbox (badness 1552) has occurred while \output is active []

 [543] [544] [545] [546] [547]
第一百七十八章

Underfull \vbox (badness 10000) has occurred while \output is active []

 [548

]
Underfull \vbox (badness 7851) has occurred while \output is active []

 [549]
Underfull \vbox (badness 5036) has occurred while \output is active []

 [550] [551] [552]
第一百七十九章

Underfull \vbox (badness 10000) has occurred while \output is active []

 [553

]
Underfull \vbox (badness 10000) has occurred while \output is active []

 [554]
Underfull \vbox (badness 10000) has occurred while \output is active []

 [555]
Underfull \vbox (badness 10000) has occurred while \output is active []

 [556] [557]
第一百八十章
[558

]
Underfull \vbox (badness 10000) has occurred while \output is active []

 [559]
Underfull \vbox (badness 10000) has occurred while \output is active []

 [560]
Underfull \vbox (badness 10000) has occurred while \output is active []

 [561] [562]
Underfull \vbox (badness 10000) has occurred while \output is active []

 [563]
Underfull \vbox (badness 10000) has occurred while \output is active []

 [564]
Underfull \vbox (badness 10000) has occurred while \output is active []

 [565] [566] [567] [568]
第一百八十一章
[569

] [570] (../语文/小学现代文阅读课文.aux)
 ***********
LaTeX2e <2023-11-01> patch level 1
L3 programming layer <2022/08/05>
 ***********


LaTeX Font Warning: Some font shapes were not available, defaults substituted.

 ) 
Here is how much of TeX's memory you used:
 63825 strings out of 474878
 1411531 string characters out of 5763760
 1936630 words of memory out of 5000000
 85679 multiletter control sequences out of 15000+600000
 565180 words of font info for 111 fonts, out of 8000000 for 9000
 1348 hyphenation exceptions out of 8191
 93i,8n,97p,1140b,47347s stack positions out of 10000i,1000n,20000p,200000b,200000s

Output written on ../语文/小学现代文阅读课文.pdf (570 pages).
